[0.146s] DEBUG:colcon:Command line arguments: ['/usr/bin/colcon', 'build']
[0.146s] DEBUG:colcon:Parsed command line arguments: Namespace(log_base=None, log_level=None, verb_name='build', build_base='build', install_base='install', merge_install=False, symlink_install=False, test_result_base=None, continue_on_error=False, executor='parallel', parallel_workers=16, event_handlers=None, ignore_user_meta=False, metas=['./colcon.meta'], base_paths=['.'], packages_ignore=None, packages_ignore_regex=None, paths=None, packages_up_to=None, packages_up_to_regex=None, packages_above=None, packages_above_and_dependencies=None, packages_above_depth=None, packages_select_by_dep=None, packages_skip_by_dep=None, packages_skip_up_to=None, packages_select_build_failed=False, packages_skip_build_finished=False, packages_select_test_failures=False, packages_skip_test_passed=False, packages_select=None, packages_skip=None, packages_select_regex=None, packages_skip_regex=None, packages_start=None, packages_end=None, allow_overriding=[], cmake_args=None, cmake_target=None, cmake_target_skip_unavailable=False, cmake_clean_cache=False, cmake_clean_first=False, cmake_force_configure=False, ament_cmake_args=None, catkin_cmake_args=None, catkin_skip_building_tests=False, verb_parser=<colcon_defaults.argument_parser.defaults.DefaultArgumentsDecorator object at 0x7767e94ae110>, verb_extension=<colcon_core.verb.build.BuildVerb object at 0x7767e94adbd0>, main=<bound method BuildVerb.main of <colcon_core.verb.build.BuildVerb object at 0x7767e94adbd0>>)
[0.376s] Level 1:colcon.colcon_core.package_discovery:discover_packages(colcon_meta) check parameters
[0.376s] Level 1:colcon.colcon_core.package_discovery:discover_packages(recursive) check parameters
[0.376s] Level 1:colcon.colcon_core.package_discovery:discover_packages(ignore) check parameters
[0.376s] Level 1:colcon.colcon_core.package_discovery:discover_packages(path) check parameters
[0.376s] Level 1:colcon.colcon_core.package_discovery:discover_packages(colcon_meta) discover
[0.376s] Level 1:colcon.colcon_core.package_discovery:discover_packages(recursive) discover
[0.376s] INFO:colcon.colcon_core.package_discovery:Crawling recursively for packages in '/home/desu/fudanbot_ws'
[0.377s] Level 1:colcon.colcon_core.package_identification:_identify(.) by extensions ['ignore', 'ignore_ament_install']
[0.377s] Level 1:colcon.colcon_core.package_identification:_identify(.) by extension 'ignore'
[0.377s] Level 1:colcon.colcon_core.package_identification:_identify(.) by extension 'ignore_ament_install'
[0.377s] Level 1:colcon.colcon_core.package_identification:_identify(.) by extensions ['colcon_pkg']
[0.377s] Level 1:colcon.colcon_core.package_identification:_identify(.) by extension 'colcon_pkg'
[0.377s] Level 1:colcon.colcon_core.package_identification:_identify(.) by extensions ['colcon_meta']
[0.377s] Level 1:colcon.colcon_core.package_identification:_identify(.) by extension 'colcon_meta'
[0.377s] Level 1:colcon.colcon_core.package_identification:_identify(.) by extensions ['ros']
[0.377s] Level 1:colcon.colcon_core.package_identification:_identify(.) by extension 'ros'
[0.388s] Level 1:colcon.colcon_core.package_identification:_identify(.) by extensions ['cmake', 'python']
[0.389s] Level 1:colcon.colcon_core.package_identification:_identify(.) by extension 'cmake'
[0.389s] Level 1:colcon.colcon_core.package_identification:_identify(.) by extension 'python'
[0.389s] Level 1:colcon.colcon_core.package_identification:_identify(.) by extensions ['python_setup_py']
[0.389s] Level 1:colcon.colcon_core.package_identification:_identify(.) by extension 'python_setup_py'
[0.389s] Level 1:colcon.colcon_core.package_identification:_identify(build) by extensions ['ignore', 'ignore_ament_install']
[0.389s] Level 1:colcon.colcon_core.package_identification:_identify(build) by extension 'ignore'
[0.389s] Level 1:colcon.colcon_core.package_identification:_identify(build) ignored
[0.389s] Level 1:colcon.colcon_core.package_identification:_identify(install) by extensions ['ignore', 'ignore_ament_install']
[0.389s] Level 1:colcon.colcon_core.package_identification:_identify(install) by extension 'ignore'
[0.389s] Level 1:colcon.colcon_core.package_identification:_identify(install) ignored
[0.389s] Level 1:colcon.colcon_core.package_identification:_identify(log) by extensions ['ignore', 'ignore_ament_install']
[0.389s] Level 1:colcon.colcon_core.package_identification:_identify(log) by extension 'ignore'
[0.389s] Level 1:colcon.colcon_core.package_identification:_identify(log) ignored
[0.390s] Level 1:colcon.colcon_core.package_identification:_identify(src) by extensions ['ignore', 'ignore_ament_install']
[0.390s] Level 1:colcon.colcon_core.package_identification:_identify(src) by extension 'ignore'
[0.390s] Level 1:colcon.colcon_core.package_identification:_identify(src) by extension 'ignore_ament_install'
[0.390s] Level 1:colcon.colcon_core.package_identification:_identify(src) by extensions ['colcon_pkg']
[0.390s] Level 1:colcon.colcon_core.package_identification:_identify(src) by extension 'colcon_pkg'
[0.390s] Level 1:colcon.colcon_core.package_identification:_identify(src) by extensions ['colcon_meta']
[0.390s] Level 1:colcon.colcon_core.package_identification:_identify(src) by extension 'colcon_meta'
[0.390s] Level 1:colcon.colcon_core.package_identification:_identify(src) by extensions ['ros']
[0.390s] Level 1:colcon.colcon_core.package_identification:_identify(src) by extension 'ros'
[0.390s] Level 1:colcon.colcon_core.package_identification:_identify(src) by extensions ['cmake', 'python']
[0.390s] Level 1:colcon.colcon_core.package_identification:_identify(src) by extension 'cmake'
[0.390s] Level 1:colcon.colcon_core.package_identification:_identify(src) by extension 'python'
[0.390s] Level 1:colcon.colcon_core.package_identification:_identify(src) by extensions ['python_setup_py']
[0.390s] Level 1:colcon.colcon_core.package_identification:_identify(src) by extension 'python_setup_py'
[0.390s] Level 1:colcon.colcon_core.package_identification:_identify(src/rplidar_ros) by extensions ['ignore', 'ignore_ament_install']
[0.390s] Level 1:colcon.colcon_core.package_identification:_identify(src/rplidar_ros) by extension 'ignore'
[0.390s] Level 1:colcon.colcon_core.package_identification:_identify(src/rplidar_ros) by extension 'ignore_ament_install'
[0.390s] Level 1:colcon.colcon_core.package_identification:_identify(src/rplidar_ros) by extensions ['colcon_pkg']
[0.390s] Level 1:colcon.colcon_core.package_identification:_identify(src/rplidar_ros) by extension 'colcon_pkg'
[0.391s] Level 1:colcon.colcon_core.package_identification:_identify(src/rplidar_ros) by extensions ['colcon_meta']
[0.391s] Level 1:colcon.colcon_core.package_identification:_identify(src/rplidar_ros) by extension 'colcon_meta'
[0.391s] Level 1:colcon.colcon_core.package_identification:_identify(src/rplidar_ros) by extensions ['ros']
[0.391s] Level 1:colcon.colcon_core.package_identification:_identify(src/rplidar_ros) by extension 'ros'
[0.394s] DEBUG:colcon.colcon_core.package_identification:Package 'src/rplidar_ros' with type 'ros.ament_cmake' and name 'rplidar_ros'
[0.394s] Level 1:colcon.colcon_core.package_discovery:discover_packages(recursive) using defaults
[0.394s] Level 1:colcon.colcon_core.package_discovery:discover_packages(ignore) discover
[0.394s] Level 1:colcon.colcon_core.package_discovery:discover_packages(ignore) using defaults
[0.394s] Level 1:colcon.colcon_core.package_discovery:discover_packages(path) discover
[0.394s] Level 1:colcon.colcon_core.package_discovery:discover_packages(path) using defaults
[0.418s] Level 1:colcon.colcon_core.package_discovery:discover_packages(prefix_path) check parameters
[0.418s] Level 1:colcon.colcon_core.package_discovery:discover_packages(prefix_path) discover
[0.423s] DEBUG:colcon.colcon_installed_package_information.package_discovery:Found 28 installed packages in /home/desu/spms_ws/install
[0.425s] DEBUG:colcon.colcon_installed_package_information.package_discovery:Found 336 installed packages in /opt/ros/humble
[0.440s] Level 1:colcon.colcon_core.package_discovery:discover_packages(prefix_path) using defaults
[0.493s] Level 5:colcon.colcon_core.verb:set package 'rplidar_ros' build argument 'cmake_args' from command line to 'None'
[0.493s] Level 5:colcon.colcon_core.verb:set package 'rplidar_ros' build argument 'cmake_target' from command line to 'None'
[0.493s] Level 5:colcon.colcon_core.verb:set package 'rplidar_ros' build argument 'cmake_target_skip_unavailable' from command line to 'False'
[0.493s] Level 5:colcon.colcon_core.verb:set package 'rplidar_ros' build argument 'cmake_clean_cache' from command line to 'False'
[0.493s] Level 5:colcon.colcon_core.verb:set package 'rplidar_ros' build argument 'cmake_clean_first' from command line to 'False'
[0.493s] Level 5:colcon.colcon_core.verb:set package 'rplidar_ros' build argument 'cmake_force_configure' from command line to 'False'
[0.493s] Level 5:colcon.colcon_core.verb:set package 'rplidar_ros' build argument 'ament_cmake_args' from command line to 'None'
[0.493s] Level 5:colcon.colcon_core.verb:set package 'rplidar_ros' build argument 'catkin_cmake_args' from command line to 'None'
[0.493s] Level 5:colcon.colcon_core.verb:set package 'rplidar_ros' build argument 'catkin_skip_building_tests' from command line to 'False'
[0.493s] DEBUG:colcon.colcon_core.verb:Building package 'rplidar_ros' with the following arguments: {'ament_cmake_args': None, 'build_base': '/home/desu/fudanbot_ws/build/rplidar_ros', 'catkin_cmake_args': None, 'catkin_skip_building_tests': False, 'cmake_args': None, 'cmake_clean_cache': False, 'cmake_clean_first': False, 'cmake_force_configure': False, 'cmake_target': None, 'cmake_target_skip_unavailable': False, 'install_base': '/home/desu/fudanbot_ws/install/rplidar_ros', 'merge_install': False, 'path': '/home/desu/fudanbot_ws/src/rplidar_ros', 'symlink_install': False, 'test_result_base': None}
[0.493s] INFO:colcon.colcon_core.executor:Executing jobs using 'parallel' executor
[0.495s] DEBUG:colcon.colcon_parallel_executor.executor.parallel:run_until_complete
[0.495s] INFO:colcon.colcon_ros.task.ament_cmake.build:Building ROS package in '/home/desu/fudanbot_ws/src/rplidar_ros' with build type 'ament_cmake'
[0.496s] INFO:colcon.colcon_cmake.task.cmake.build:Building CMake package in '/home/desu/fudanbot_ws/src/rplidar_ros'
[0.500s] INFO:colcon.colcon_core.plugin_system:Skipping extension 'colcon_core.shell.bat': Not used on non-Windows systems
[0.500s] INFO:colcon.colcon_core.shell:Skip shell extension 'powershell' for command environment: Not usable outside of PowerShell
[0.500s] DEBUG:colcon.colcon_core.shell:Skip shell extension 'dsv' for command environment
[0.514s] DEBUG:colcon.colcon_core.event_handler.log_command:Invoking command in '/home/desu/fudanbot_ws/build/rplidar_ros': CMAKE_PREFIX_PATH=${CMAKE_PREFIX_PATH}:/home/desu/spms_ws/install/launch_testing_examples:/home/desu/spms_ws/install/fudensgayservices:/home/desu/spms_ws/install/fudanisgay:/home/desu/spms_ws/install/examples_rclpy_pointcloud_publisher:/home/desu/spms_ws/install/examples_rclpy_minimal_subscriber:/home/desu/spms_ws/install/examples_rclpy_minimal_service:/home/desu/spms_ws/install/examples_rclpy_minimal_publisher:/home/desu/spms_ws/install/examples_rclpy_minimal_client:/home/desu/spms_ws/install/examples_rclpy_minimal_action_server:/home/desu/spms_ws/install/examples_rclpy_minimal_action_client:/home/desu/spms_ws/install/examples_rclpy_guard_conditions:/home/desu/spms_ws/install/examples_rclpy_executors:/opt/ros/humble /usr/bin/cmake /home/desu/fudanbot_ws/src/rplidar_ros -DCMAKE_INSTALL_PREFIX=/home/desu/fudanbot_ws/install/rplidar_ros
[1.939s] DEBUG:colcon.colcon_core.event_handler.log_command:Invoked command in '/home/desu/fudanbot_ws/build/rplidar_ros' returned '0': CMAKE_PREFIX_PATH=${CMAKE_PREFIX_PATH}:/home/desu/spms_ws/install/launch_testing_examples:/home/desu/spms_ws/install/fudensgayservices:/home/desu/spms_ws/install/fudanisgay:/home/desu/spms_ws/install/examples_rclpy_pointcloud_publisher:/home/desu/spms_ws/install/examples_rclpy_minimal_subscriber:/home/desu/spms_ws/install/examples_rclpy_minimal_service:/home/desu/spms_ws/install/examples_rclpy_minimal_publisher:/home/desu/spms_ws/install/examples_rclpy_minimal_client:/home/desu/spms_ws/install/examples_rclpy_minimal_action_server:/home/desu/spms_ws/install/examples_rclpy_minimal_action_client:/home/desu/spms_ws/install/examples_rclpy_guard_conditions:/home/desu/spms_ws/install/examples_rclpy_executors:/opt/ros/humble /usr/bin/cmake /home/desu/fudanbot_ws/src/rplidar_ros -DCMAKE_INSTALL_PREFIX=/home/desu/fudanbot_ws/install/rplidar_ros
[1.941s] DEBUG:colcon.colcon_core.event_handler.log_command:Invoking command in '/home/desu/fudanbot_ws/build/rplidar_ros': CMAKE_PREFIX_PATH=${CMAKE_PREFIX_PATH}:/home/desu/spms_ws/install/launch_testing_examples:/home/desu/spms_ws/install/fudensgayservices:/home/desu/spms_ws/install/fudanisgay:/home/desu/spms_ws/install/examples_rclpy_pointcloud_publisher:/home/desu/spms_ws/install/examples_rclpy_minimal_subscriber:/home/desu/spms_ws/install/examples_rclpy_minimal_service:/home/desu/spms_ws/install/examples_rclpy_minimal_publisher:/home/desu/spms_ws/install/examples_rclpy_minimal_client:/home/desu/spms_ws/install/examples_rclpy_minimal_action_server:/home/desu/spms_ws/install/examples_rclpy_minimal_action_client:/home/desu/spms_ws/install/examples_rclpy_guard_conditions:/home/desu/spms_ws/install/examples_rclpy_executors:/opt/ros/humble /usr/bin/cmake --build /home/desu/fudanbot_ws/build/rplidar_ros -- -j16 -l16
[10.566s] DEBUG:colcon.colcon_core.event_handler.log_command:Invoked command in '/home/desu/fudanbot_ws/build/rplidar_ros' returned '0': CMAKE_PREFIX_PATH=${CMAKE_PREFIX_PATH}:/home/desu/spms_ws/install/launch_testing_examples:/home/desu/spms_ws/install/fudensgayservices:/home/desu/spms_ws/install/fudanisgay:/home/desu/spms_ws/install/examples_rclpy_pointcloud_publisher:/home/desu/spms_ws/install/examples_rclpy_minimal_subscriber:/home/desu/spms_ws/install/examples_rclpy_minimal_service:/home/desu/spms_ws/install/examples_rclpy_minimal_publisher:/home/desu/spms_ws/install/examples_rclpy_minimal_client:/home/desu/spms_ws/install/examples_rclpy_minimal_action_server:/home/desu/spms_ws/install/examples_rclpy_minimal_action_client:/home/desu/spms_ws/install/examples_rclpy_guard_conditions:/home/desu/spms_ws/install/examples_rclpy_executors:/opt/ros/humble /usr/bin/cmake --build /home/desu/fudanbot_ws/build/rplidar_ros -- -j16 -l16
[10.576s] DEBUG:colcon.colcon_core.event_handler.log_command:Invoking command in '/home/desu/fudanbot_ws/build/rplidar_ros': CMAKE_PREFIX_PATH=${CMAKE_PREFIX_PATH}:/home/desu/spms_ws/install/launch_testing_examples:/home/desu/spms_ws/install/fudensgayservices:/home/desu/spms_ws/install/fudanisgay:/home/desu/spms_ws/install/examples_rclpy_pointcloud_publisher:/home/desu/spms_ws/install/examples_rclpy_minimal_subscriber:/home/desu/spms_ws/install/examples_rclpy_minimal_service:/home/desu/spms_ws/install/examples_rclpy_minimal_publisher:/home/desu/spms_ws/install/examples_rclpy_minimal_client:/home/desu/spms_ws/install/examples_rclpy_minimal_action_server:/home/desu/spms_ws/install/examples_rclpy_minimal_action_client:/home/desu/spms_ws/install/examples_rclpy_guard_conditions:/home/desu/spms_ws/install/examples_rclpy_executors:/opt/ros/humble /usr/bin/cmake --install /home/desu/fudanbot_ws/build/rplidar_ros
[10.596s] Level 1:colcon.colcon_core.environment:create_environment_scripts_only(rplidar_ros)
[10.597s] DEBUG:colcon.colcon_core.event_handler.log_command:Invoked command in '/home/desu/fudanbot_ws/build/rplidar_ros' returned '0': CMAKE_PREFIX_PATH=${CMAKE_PREFIX_PATH}:/home/desu/spms_ws/install/launch_testing_examples:/home/desu/spms_ws/install/fudensgayservices:/home/desu/spms_ws/install/fudanisgay:/home/desu/spms_ws/install/examples_rclpy_pointcloud_publisher:/home/desu/spms_ws/install/examples_rclpy_minimal_subscriber:/home/desu/spms_ws/install/examples_rclpy_minimal_service:/home/desu/spms_ws/install/examples_rclpy_minimal_publisher:/home/desu/spms_ws/install/examples_rclpy_minimal_client:/home/desu/spms_ws/install/examples_rclpy_minimal_action_server:/home/desu/spms_ws/install/examples_rclpy_minimal_action_client:/home/desu/spms_ws/install/examples_rclpy_guard_conditions:/home/desu/spms_ws/install/examples_rclpy_executors:/opt/ros/humble /usr/bin/cmake --install /home/desu/fudanbot_ws/build/rplidar_ros
[10.601s] Level 1:colcon.colcon_core.environment:checking '/home/desu/fudanbot_ws/install/rplidar_ros' for CMake module files
[10.602s] Level 1:colcon.colcon_core.environment:checking '/home/desu/fudanbot_ws/install/rplidar_ros' for CMake config files
[10.602s] Level 1:colcon.colcon_core.shell:create_environment_hook('rplidar_ros', 'cmake_prefix_path')
[10.602s] INFO:colcon.colcon_core.shell:Creating environment hook '/home/desu/fudanbot_ws/install/rplidar_ros/share/rplidar_ros/hook/cmake_prefix_path.ps1'
[10.603s] INFO:colcon.colcon_core.shell:Creating environment descriptor '/home/desu/fudanbot_ws/install/rplidar_ros/share/rplidar_ros/hook/cmake_prefix_path.dsv'
[10.603s] INFO:colcon.colcon_core.shell:Creating environment hook '/home/desu/fudanbot_ws/install/rplidar_ros/share/rplidar_ros/hook/cmake_prefix_path.sh'
[10.604s] Level 1:colcon.colcon_core.environment:checking '/home/desu/fudanbot_ws/install/rplidar_ros/lib'
[10.604s] Level 1:colcon.colcon_core.environment:checking '/home/desu/fudanbot_ws/install/rplidar_ros/bin'
[10.604s] Level 1:colcon.colcon_core.environment:checking '/home/desu/fudanbot_ws/install/rplidar_ros/lib/pkgconfig/rplidar_ros.pc'
[10.604s] Level 1:colcon.colcon_core.environment:checking '/home/desu/fudanbot_ws/install/rplidar_ros/lib/python3.10/site-packages'
[10.604s] Level 1:colcon.colcon_core.environment:checking '/home/desu/fudanbot_ws/install/rplidar_ros/bin'
[10.604s] INFO:colcon.colcon_core.shell:Creating package script '/home/desu/fudanbot_ws/install/rplidar_ros/share/rplidar_ros/package.ps1'
[10.605s] INFO:colcon.colcon_core.shell:Creating package descriptor '/home/desu/fudanbot_ws/install/rplidar_ros/share/rplidar_ros/package.dsv'
[10.605s] INFO:colcon.colcon_core.shell:Creating package script '/home/desu/fudanbot_ws/install/rplidar_ros/share/rplidar_ros/package.sh'
[10.606s] INFO:colcon.colcon_core.shell:Creating package script '/home/desu/fudanbot_ws/install/rplidar_ros/share/rplidar_ros/package.bash'
[10.606s] INFO:colcon.colcon_core.shell:Creating package script '/home/desu/fudanbot_ws/install/rplidar_ros/share/rplidar_ros/package.zsh'
[10.607s] Level 1:colcon.colcon_core.environment:create_file_with_runtime_dependencies(/home/desu/fudanbot_ws/install/rplidar_ros/share/colcon-core/packages/rplidar_ros)
[10.607s] Level 1:colcon.colcon_core.environment:create_environment_scripts_only(rplidar_ros)
[10.607s] Level 1:colcon.colcon_core.environment:checking '/home/desu/fudanbot_ws/install/rplidar_ros' for CMake module files
[10.608s] Level 1:colcon.colcon_core.environment:checking '/home/desu/fudanbot_ws/install/rplidar_ros' for CMake config files
[10.608s] Level 1:colcon.colcon_core.shell:create_environment_hook('rplidar_ros', 'cmake_prefix_path')
[10.608s] INFO:colcon.colcon_core.shell:Creating environment hook '/home/desu/fudanbot_ws/install/rplidar_ros/share/rplidar_ros/hook/cmake_prefix_path.ps1'
[10.608s] INFO:colcon.colcon_core.shell:Creating environment descriptor '/home/desu/fudanbot_ws/install/rplidar_ros/share/rplidar_ros/hook/cmake_prefix_path.dsv'
[10.608s] INFO:colcon.colcon_core.shell:Creating environment hook '/home/desu/fudanbot_ws/install/rplidar_ros/share/rplidar_ros/hook/cmake_prefix_path.sh'
[10.609s] Level 1:colcon.colcon_core.environment:checking '/home/desu/fudanbot_ws/install/rplidar_ros/lib'
[10.609s] Level 1:colcon.colcon_core.environment:checking '/home/desu/fudanbot_ws/install/rplidar_ros/bin'
[10.609s] Level 1:colcon.colcon_core.environment:checking '/home/desu/fudanbot_ws/install/rplidar_ros/lib/pkgconfig/rplidar_ros.pc'
[10.609s] Level 1:colcon.colcon_core.environment:checking '/home/desu/fudanbot_ws/install/rplidar_ros/lib/python3.10/site-packages'
[10.609s] Level 1:colcon.colcon_core.environment:checking '/home/desu/fudanbot_ws/install/rplidar_ros/bin'
[10.609s] INFO:colcon.colcon_core.shell:Creating package script '/home/desu/fudanbot_ws/install/rplidar_ros/share/rplidar_ros/package.ps1'
[10.610s] INFO:colcon.colcon_core.shell:Creating package descriptor '/home/desu/fudanbot_ws/install/rplidar_ros/share/rplidar_ros/package.dsv'
[10.610s] INFO:colcon.colcon_core.shell:Creating package script '/home/desu/fudanbot_ws/install/rplidar_ros/share/rplidar_ros/package.sh'
[10.610s] INFO:colcon.colcon_core.shell:Creating package script '/home/desu/fudanbot_ws/install/rplidar_ros/share/rplidar_ros/package.bash'
[10.610s] INFO:colcon.colcon_core.shell:Creating package script '/home/desu/fudanbot_ws/install/rplidar_ros/share/rplidar_ros/package.zsh'
[10.611s] Level 1:colcon.colcon_core.environment:create_file_with_runtime_dependencies(/home/desu/fudanbot_ws/install/rplidar_ros/share/colcon-core/packages/rplidar_ros)
[10.611s] DEBUG:colcon.colcon_parallel_executor.executor.parallel:closing loop
[10.611s] DEBUG:colcon.colcon_parallel_executor.executor.parallel:loop closed
[10.611s] DEBUG:colcon.colcon_parallel_executor.executor.parallel:run_until_complete finished with '0'
[10.611s] DEBUG:colcon.colcon_core.event_reactor:joining thread
[10.636s] INFO:colcon.colcon_core.plugin_system:Skipping extension 'colcon_notification.desktop_notification.terminal_notifier': Not used on non-Darwin systems
[10.636s] INFO:colcon.colcon_core.plugin_system:Skipping extension 'colcon_notification.desktop_notification.win32': Not used on non-Windows systems
[10.636s] INFO:colcon.colcon_notification.desktop_notification:Sending desktop notification using 'notify2'
[10.650s] DEBUG:colcon.colcon_core.event_reactor:joined thread
[10.651s] INFO:colcon.colcon_core.shell:Creating prefix script '/home/desu/fudanbot_ws/install/local_setup.ps1'
[10.652s] INFO:colcon.colcon_core.shell:Creating prefix util module '/home/desu/fudanbot_ws/install/_local_setup_util_ps1.py'
[10.653s] INFO:colcon.colcon_core.shell:Creating prefix chain script '/home/desu/fudanbot_ws/install/setup.ps1'
[10.655s] INFO:colcon.colcon_core.shell:Creating prefix script '/home/desu/fudanbot_ws/install/local_setup.sh'
[10.655s] INFO:colcon.colcon_core.shell:Creating prefix util module '/home/desu/fudanbot_ws/install/_local_setup_util_sh.py'
[10.656s] INFO:colcon.colcon_core.shell:Creating prefix chain script '/home/desu/fudanbot_ws/install/setup.sh'
[10.657s] INFO:colcon.colcon_core.shell:Creating prefix script '/home/desu/fudanbot_ws/install/local_setup.bash'
[10.658s] INFO:colcon.colcon_core.shell:Creating prefix chain script '/home/desu/fudanbot_ws/install/setup.bash'
[10.659s] INFO:colcon.colcon_core.shell:Creating prefix script '/home/desu/fudanbot_ws/install/local_setup.zsh'
[10.660s] INFO:colcon.colcon_core.shell:Creating prefix chain script '/home/desu/fudanbot_ws/install/setup.zsh'
