[0.943s] Invoking command in '/home/desu/fudanbot_ws/src/modbus_driver': PS1=(turtlebot_env) \[\e]0;\u@\h: \w\a\]${debian_chroot:+($debian_chroot)}\[\033[01;32m\]\u@\h\[\033[00m\]:\[\033[01;34m\]\w\[\033[00m\]\$ PYTHONPATH=/home/desu/fudanbot_ws/build/modbus_driver/prefix_override:/usr/lib/python3/dist-packages/colcon_core/task/python/colcon_distutils_commands:/home/desu/fudanbot_ws/install/modbus_driver/lib/python3.10/site-packages:${PYTHONPATH} VIRTUAL_ENV_PROMPT=(turtlebot_env) /usr/bin/python3 -W ignore:setup.py install is deprecated -W ignore:easy_install command is deprecated setup.py egg_info --egg-base ../../build/modbus_driver build --build-base /home/desu/fudanbot_ws/build/modbus_driver/build install --record /home/desu/fudanbot_ws/build/modbus_driver/install.log --single-version-externally-managed install_data
[1.189s] running egg_info
[1.189s] writing ../../build/modbus_driver/modbus_driver.egg-info/PKG-INFO
[1.189s] writing dependency_links to ../../build/modbus_driver/modbus_driver.egg-info/dependency_links.txt
[1.189s] writing entry points to ../../build/modbus_driver/modbus_driver.egg-info/entry_points.txt
[1.190s] writing requirements to ../../build/modbus_driver/modbus_driver.egg-info/requires.txt
[1.190s] writing top-level names to ../../build/modbus_driver/modbus_driver.egg-info/top_level.txt
[1.191s] reading manifest file '../../build/modbus_driver/modbus_driver.egg-info/SOURCES.txt'
[1.193s] writing manifest file '../../build/modbus_driver/modbus_driver.egg-info/SOURCES.txt'
[1.193s] running build
[1.193s] running build_py
[1.193s] running install
[1.194s] running install_lib
[1.194s] running install_data
[1.194s] running install_egg_info
[1.196s] removing '/home/desu/fudanbot_ws/install/modbus_driver/lib/python3.10/site-packages/modbus_driver-0.0.0-py3.10.egg-info' (and everything under it)
[1.197s] Copying ../../build/modbus_driver/modbus_driver.egg-info to /home/desu/fudanbot_ws/install/modbus_driver/lib/python3.10/site-packages/modbus_driver-0.0.0-py3.10.egg-info
[1.198s] running install_scripts
[1.223s] Installing RS485_node script to /home/desu/fudanbot_ws/install/modbus_driver/lib/modbus_driver
[1.224s] writing list of installed files to '/home/desu/fudanbot_ws/build/modbus_driver/install.log'
[1.294s] Invoked command in '/home/desu/fudanbot_ws/src/modbus_driver' returned '0': PS1=(turtlebot_env) \[\e]0;\u@\h: \w\a\]${debian_chroot:+($debian_chroot)}\[\033[01;32m\]\u@\h\[\033[00m\]:\[\033[01;34m\]\w\[\033[00m\]\$ PYTHONPATH=/home/desu/fudanbot_ws/build/modbus_driver/prefix_override:/usr/lib/python3/dist-packages/colcon_core/task/python/colcon_distutils_commands:/home/desu/fudanbot_ws/install/modbus_driver/lib/python3.10/site-packages:${PYTHONPATH} VIRTUAL_ENV_PROMPT=(turtlebot_env) /usr/bin/python3 -W ignore:setup.py install is deprecated -W ignore:easy_install command is deprecated setup.py egg_info --egg-base ../../build/modbus_driver build --build-base /home/desu/fudanbot_ws/build/modbus_driver/build install --record /home/desu/fudanbot_ws/build/modbus_driver/install.log --single-version-externally-managed install_data
