[0.549s] Invoking command in '/home/desu/fudanbot_ws/src/modbus_driver': PYTHONPATH=/home/desu/fudanbot_ws/build/modbus_driver/prefix_override:/usr/lib/python3/dist-packages/colcon_core/task/python/colcon_distutils_commands:/home/desu/fudanbot_ws/install/modbus_driver/lib/python3.10/site-packages:${PYTHONPATH} /usr/bin/python3 -W ignore:setup.py install is deprecated -W ignore:easy_install command is deprecated setup.py egg_info --egg-base ../../build/modbus_driver build --build-base /home/desu/fudanbot_ws/build/modbus_driver/build install --record /home/desu/fudanbot_ws/build/modbus_driver/install.log --single-version-externally-managed install_data
[0.720s] running egg_info
[0.720s] writing ../../build/modbus_driver/modbus_driver.egg-info/PKG-INFO
[0.721s] writing dependency_links to ../../build/modbus_driver/modbus_driver.egg-info/dependency_links.txt
[0.721s] writing entry points to ../../build/modbus_driver/modbus_driver.egg-info/entry_points.txt
[0.721s] writing requirements to ../../build/modbus_driver/modbus_driver.egg-info/requires.txt
[0.721s] writing top-level names to ../../build/modbus_driver/modbus_driver.egg-info/top_level.txt
[0.722s] reading manifest file '../../build/modbus_driver/modbus_driver.egg-info/SOURCES.txt'
[0.723s] writing manifest file '../../build/modbus_driver/modbus_driver.egg-info/SOURCES.txt'
[0.723s] running build
[0.723s] running build_py
[0.723s] running install
[0.723s] running install_lib
[0.724s] running install_data
[0.724s] running install_egg_info
[0.725s] removing '/home/desu/fudanbot_ws/install/modbus_driver/lib/python3.10/site-packages/modbus_driver-0.0.0-py3.10.egg-info' (and everything under it)
[0.726s] Copying ../../build/modbus_driver/modbus_driver.egg-info to /home/desu/fudanbot_ws/install/modbus_driver/lib/python3.10/site-packages/modbus_driver-0.0.0-py3.10.egg-info
[0.727s] running install_scripts
[0.745s] Installing RS485_node script to /home/desu/fudanbot_ws/install/modbus_driver/lib/modbus_driver
[0.746s] writing list of installed files to '/home/desu/fudanbot_ws/build/modbus_driver/install.log'
[0.773s] Invoked command in '/home/desu/fudanbot_ws/src/modbus_driver' returned '0': PYTHONPATH=/home/desu/fudanbot_ws/build/modbus_driver/prefix_override:/usr/lib/python3/dist-packages/colcon_core/task/python/colcon_distutils_commands:/home/desu/fudanbot_ws/install/modbus_driver/lib/python3.10/site-packages:${PYTHONPATH} /usr/bin/python3 -W ignore:setup.py install is deprecated -W ignore:easy_install command is deprecated setup.py egg_info --egg-base ../../build/modbus_driver build --build-base /home/desu/fudanbot_ws/build/modbus_driver/build install --record /home/desu/fudanbot_ws/build/modbus_driver/install.log --single-version-externally-managed install_data
