[0.523s] Invoking command in '/home/desu/fudanbot_ws/src/modbus_driver': PYTHONPATH=/home/desu/fudanbot_ws/build/modbus_driver/prefix_override:/usr/lib/python3/dist-packages/colcon_core/task/python/colcon_distutils_commands:/home/desu/fudanbot_ws/install/modbus_driver/lib/python3.10/site-packages:${PYTHONPATH} /usr/bin/python3 -W ignore:setup.py install is deprecated -W ignore:easy_install command is deprecated setup.py egg_info --egg-base ../../build/modbus_driver build --build-base /home/desu/fudanbot_ws/build/modbus_driver/build install --record /home/desu/fudanbot_ws/build/modbus_driver/install.log --single-version-externally-managed install_data
[0.696s] running egg_info
[0.696s] creating ../../build/modbus_driver/modbus_driver.egg-info
[0.696s] writing ../../build/modbus_driver/modbus_driver.egg-info/PKG-INFO
[0.696s] writing dependency_links to ../../build/modbus_driver/modbus_driver.egg-info/dependency_links.txt
[0.696s] writing entry points to ../../build/modbus_driver/modbus_driver.egg-info/entry_points.txt
[0.696s] writing requirements to ../../build/modbus_driver/modbus_driver.egg-info/requires.txt
[0.696s] writing top-level names to ../../build/modbus_driver/modbus_driver.egg-info/top_level.txt
[0.697s] writing manifest file '../../build/modbus_driver/modbus_driver.egg-info/SOURCES.txt'
[0.697s] reading manifest file '../../build/modbus_driver/modbus_driver.egg-info/SOURCES.txt'
[0.698s] writing manifest file '../../build/modbus_driver/modbus_driver.egg-info/SOURCES.txt'
[0.698s] running build
[0.698s] running build_py
[0.698s] creating /home/desu/fudanbot_ws/build/modbus_driver/build
[0.699s] creating /home/desu/fudanbot_ws/build/modbus_driver/build/lib
[0.699s] creating /home/desu/fudanbot_ws/build/modbus_driver/build/lib/modbus_driver
[0.699s] copying modbus_driver/__init__.py -> /home/desu/fudanbot_ws/build/modbus_driver/build/lib/modbus_driver
[0.699s] copying modbus_driver/RS485_node.py -> /home/desu/fudanbot_ws/build/modbus_driver/build/lib/modbus_driver
[0.699s] running install
[0.699s] running install_lib
[0.700s] creating /home/desu/fudanbot_ws/install/modbus_driver/lib/python3.10/site-packages/modbus_driver
[0.700s] copying /home/desu/fudanbot_ws/build/modbus_driver/build/lib/modbus_driver/__init__.py -> /home/desu/fudanbot_ws/install/modbus_driver/lib/python3.10/site-packages/modbus_driver
[0.700s] copying /home/desu/fudanbot_ws/build/modbus_driver/build/lib/modbus_driver/RS485_node.py -> /home/desu/fudanbot_ws/install/modbus_driver/lib/python3.10/site-packages/modbus_driver
[0.700s] byte-compiling /home/desu/fudanbot_ws/install/modbus_driver/lib/python3.10/site-packages/modbus_driver/__init__.py to __init__.cpython-310.pyc
[0.701s] byte-compiling /home/desu/fudanbot_ws/install/modbus_driver/lib/python3.10/site-packages/modbus_driver/RS485_node.py to RS485_node.cpython-310.pyc
[0.701s] running install_data
[0.701s] creating /home/desu/fudanbot_ws/install/modbus_driver/share/ament_index
[0.701s] creating /home/desu/fudanbot_ws/install/modbus_driver/share/ament_index/resource_index
[0.701s] creating /home/desu/fudanbot_ws/install/modbus_driver/share/ament_index/resource_index/packages
[0.701s] copying resource/modbus_driver -> /home/desu/fudanbot_ws/install/modbus_driver/share/ament_index/resource_index/packages
[0.701s] copying package.xml -> /home/desu/fudanbot_ws/install/modbus_driver/share/modbus_driver
[0.701s] running install_egg_info
[0.703s] Copying ../../build/modbus_driver/modbus_driver.egg-info to /home/desu/fudanbot_ws/install/modbus_driver/lib/python3.10/site-packages/modbus_driver-0.0.0-py3.10.egg-info
[0.704s] running install_scripts
[0.721s] Installing RS485_node script to /home/desu/fudanbot_ws/install/modbus_driver/lib/modbus_driver
[0.721s] writing list of installed files to '/home/desu/fudanbot_ws/build/modbus_driver/install.log'
[0.762s] Invoked command in '/home/desu/fudanbot_ws/src/modbus_driver' returned '0': PYTHONPATH=/home/desu/fudanbot_ws/build/modbus_driver/prefix_override:/usr/lib/python3/dist-packages/colcon_core/task/python/colcon_distutils_commands:/home/desu/fudanbot_ws/install/modbus_driver/lib/python3.10/site-packages:${PYTHONPATH} /usr/bin/python3 -W ignore:setup.py install is deprecated -W ignore:easy_install command is deprecated setup.py egg_info --egg-base ../../build/modbus_driver build --build-base /home/desu/fudanbot_ws/build/modbus_driver/build install --record /home/desu/fudanbot_ws/build/modbus_driver/install.log --single-version-externally-managed install_data
