[0.944s] Invoking command in '/home/desu/fudanbot_ws/src/motor_driver': PS1=(turtlebot_env) \[\e]0;\u@\h: \w\a\]${debian_chroot:+($debian_chroot)}\[\033[01;32m\]\u@\h\[\033[00m\]:\[\033[01;34m\]\w\[\033[00m\]\$ PYTHONPATH=/home/desu/fudanbot_ws/build/motor_driver/prefix_override:/usr/lib/python3/dist-packages/colcon_core/task/python/colcon_distutils_commands:/home/desu/fudanbot_ws/install/motor_driver/lib/python3.10/site-packages:${PYTHONPATH} VIRTUAL_ENV_PROMPT=(turtlebot_env) /usr/bin/python3 -W ignore:setup.py install is deprecated -W ignore:easy_install command is deprecated setup.py egg_info --egg-base ../../build/motor_driver build --build-base /home/desu/fudanbot_ws/build/motor_driver/build install --record /home/desu/fudanbot_ws/build/motor_driver/install.log --single-version-externally-managed install_data
[1.186s] running egg_info
[1.187s] writing ../../build/motor_driver/motor_driver.egg-info/PKG-INFO
[1.187s] writing dependency_links to ../../build/motor_driver/motor_driver.egg-info/dependency_links.txt
[1.188s] writing entry points to ../../build/motor_driver/motor_driver.egg-info/entry_points.txt
[1.188s] writing requirements to ../../build/motor_driver/motor_driver.egg-info/requires.txt
[1.188s] writing top-level names to ../../build/motor_driver/motor_driver.egg-info/top_level.txt
[1.189s] reading manifest file '../../build/motor_driver/motor_driver.egg-info/SOURCES.txt'
[1.190s] writing manifest file '../../build/motor_driver/motor_driver.egg-info/SOURCES.txt'
[1.190s] running build
[1.190s] running build_py
[1.190s] copying motor_driver/motor_driver.py -> /home/desu/fudanbot_ws/build/motor_driver/build/lib/motor_driver
[1.190s] running install
[1.191s] running install_lib
[1.191s] copying /home/desu/fudanbot_ws/build/motor_driver/build/lib/motor_driver/motor_driver.py -> /home/desu/fudanbot_ws/install/motor_driver/lib/python3.10/site-packages/motor_driver
[1.192s] byte-compiling /home/desu/fudanbot_ws/install/motor_driver/lib/python3.10/site-packages/motor_driver/motor_driver.py to motor_driver.cpython-310.pyc
[1.192s] running install_data
[1.192s]   File "/home/desu/fudanbot_ws/install/motor_driver/lib/python3.10/site-packages/motor_driver/motor_driver.py", line 6
[1.193s]     from std_msgs.msg import 
[1.193s]                              ^
[1.193s] SyntaxError: invalid syntax
[1.193s] 
[1.193s] copying package.xml -> /home/desu/fudanbot_ws/install/motor_driver/share/motor_driver
[1.193s] running install_egg_info
[1.194s] removing '/home/desu/fudanbot_ws/install/motor_driver/lib/python3.10/site-packages/motor_driver-0.0.0-py3.10.egg-info' (and everything under it)
[1.195s] Copying ../../build/motor_driver/motor_driver.egg-info to /home/desu/fudanbot_ws/install/motor_driver/lib/python3.10/site-packages/motor_driver-0.0.0-py3.10.egg-info
[1.196s] running install_scripts
[1.218s] Installing motor_driver script to /home/desu/fudanbot_ws/install/motor_driver/lib/motor_driver
[1.219s] writing list of installed files to '/home/desu/fudanbot_ws/build/motor_driver/install.log'
[1.272s] Invoked command in '/home/desu/fudanbot_ws/src/motor_driver' returned '0': PS1=(turtlebot_env) \[\e]0;\u@\h: \w\a\]${debian_chroot:+($debian_chroot)}\[\033[01;32m\]\u@\h\[\033[00m\]:\[\033[01;34m\]\w\[\033[00m\]\$ PYTHONPATH=/home/desu/fudanbot_ws/build/motor_driver/prefix_override:/usr/lib/python3/dist-packages/colcon_core/task/python/colcon_distutils_commands:/home/desu/fudanbot_ws/install/motor_driver/lib/python3.10/site-packages:${PYTHONPATH} VIRTUAL_ENV_PROMPT=(turtlebot_env) /usr/bin/python3 -W ignore:setup.py install is deprecated -W ignore:easy_install command is deprecated setup.py egg_info --egg-base ../../build/motor_driver build --build-base /home/desu/fudanbot_ws/build/motor_driver/build install --record /home/desu/fudanbot_ws/build/motor_driver/install.log --single-version-externally-managed install_data
