running develop
Removing /home/desu/fudanbot_ws/install/modbus_driver/lib/python3.10/site-packages/modbus-driver.egg-link (link to .)
running egg_info
writing ../../build/modbus_driver/modbus_driver.egg-info/PKG-INFO
writing dependency_links to ../../build/modbus_driver/modbus_driver.egg-info/dependency_links.txt
writing entry points to ../../build/modbus_driver/modbus_driver.egg-info/entry_points.txt
writing requirements to ../../build/modbus_driver/modbus_driver.egg-info/requires.txt
writing top-level names to ../../build/modbus_driver/modbus_driver.egg-info/top_level.txt
reading manifest file '../../build/modbus_driver/modbus_driver.egg-info/SOURCES.txt'
writing manifest file '../../build/modbus_driver/modbus_driver.egg-info/SOURCES.txt'
running build
running build_py
copying modbus_driver/RS485_node.py -> /home/desu/fudanbot_ws/build/modbus_driver/build/lib/modbus_driver
running install
running install_lib
creating /home/desu/fudanbot_ws/install/modbus_driver/lib/python3.10/site-packages/modbus_driver
copying /home/desu/fudanbot_ws/build/modbus_driver/build/lib/modbus_driver/__init__.py -> /home/desu/fudanbot_ws/install/modbus_driver/lib/python3.10/site-packages/modbus_driver
copying /home/desu/fudanbot_ws/build/modbus_driver/build/lib/modbus_driver/RS485_node.py -> /home/desu/fudanbot_ws/install/modbus_driver/lib/python3.10/site-packages/modbus_driver
byte-compiling /home/desu/fudanbot_ws/install/modbus_driver/lib/python3.10/site-packages/modbus_driver/__init__.py to __init__.cpython-310.pyc
byte-compiling /home/desu/fudanbot_ws/install/modbus_driver/lib/python3.10/site-packages/modbus_driver/RS485_node.py to RS485_node.cpython-310.pyc
running install_data
copying resource/modbus_driver -> /home/desu/fudanbot_ws/install/modbus_driver/share/ament_index/resource_index/packages
copying package.xml -> /home/desu/fudanbot_ws/install/modbus_driver/share/modbus_driver
running install_egg_info
Copying ../../build/modbus_driver/modbus_driver.egg-info to /home/desu/fudanbot_ws/install/modbus_driver/lib/python3.10/site-packages/modbus_driver-0.0.0-py3.10.egg-info
running install_scripts
Installing RS485_node script to /home/desu/fudanbot_ws/install/modbus_driver/lib/modbus_driver
writing list of installed files to '/home/desu/fudanbot_ws/build/modbus_driver/install.log'
