[0.473s] Invoking command in '/home/desu/fudanbot_ws/src/modbus_driver': PYTHONPATH=/home/desu/fudanbot_ws/build/modbus_driver/prefix_override:/usr/lib/python3/dist-packages/colcon_core/task/python/colcon_distutils_commands:/home/desu/fudanbot_ws/install/modbus_driver/lib/python3.10/site-packages:${PYTHONPATH} /usr/bin/python3 -W ignore:setup.py install is deprecated -W ignore:easy_install command is deprecated setup.py egg_info --egg-base ../../build/modbus_driver build --build-base /home/desu/fudanbot_ws/build/modbus_driver/build install --record /home/desu/fudanbot_ws/build/modbus_driver/install.log --single-version-externally-managed install_data
[0.653s] running egg_info
[0.653s] writing ../../build/modbus_driver/modbus_driver.egg-info/PKG-INFO
[0.653s] writing dependency_links to ../../build/modbus_driver/modbus_driver.egg-info/dependency_links.txt
[0.654s] writing entry points to ../../build/modbus_driver/modbus_driver.egg-info/entry_points.txt
[0.654s] writing requirements to ../../build/modbus_driver/modbus_driver.egg-info/requires.txt
[0.654s] writing top-level names to ../../build/modbus_driver/modbus_driver.egg-info/top_level.txt
[0.655s] reading manifest file '../../build/modbus_driver/modbus_driver.egg-info/SOURCES.txt'
[0.656s] writing manifest file '../../build/modbus_driver/modbus_driver.egg-info/SOURCES.txt'
[0.656s] running build
[0.656s] running build_py
[0.656s] copying modbus_driver/RS485_node.py -> /home/desu/fudanbot_ws/build/modbus_driver/build/lib/modbus_driver
[0.656s] running install
[0.656s] running install_lib
[0.657s] copying /home/desu/fudanbot_ws/build/modbus_driver/build/lib/modbus_driver/RS485_node.py -> /home/desu/fudanbot_ws/install/modbus_driver/lib/python3.10/site-packages/modbus_driver
[0.658s] byte-compiling /home/desu/fudanbot_ws/install/modbus_driver/lib/python3.10/site-packages/modbus_driver/RS485_node.py to RS485_node.cpython-310.pyc
[0.658s] running install_data
[0.658s] Sorry: TabError: inconsistent use of tabs and spaces in indentation (RS485_node.py, line 36)
[0.658s] running install_egg_info
[0.660s] removing '/home/desu/fudanbot_ws/install/modbus_driver/lib/python3.10/site-packages/modbus_driver-0.0.0-py3.10.egg-info' (and everything under it)
[0.660s] Copying ../../build/modbus_driver/modbus_driver.egg-info to /home/desu/fudanbot_ws/install/modbus_driver/lib/python3.10/site-packages/modbus_driver-0.0.0-py3.10.egg-info
[0.661s] running install_scripts
[0.679s] Installing RS485_node script to /home/desu/fudanbot_ws/install/modbus_driver/lib/modbus_driver
[0.679s] writing list of installed files to '/home/desu/fudanbot_ws/build/modbus_driver/install.log'
[0.708s] Invoked command in '/home/desu/fudanbot_ws/src/modbus_driver' returned '0': PYTHONPATH=/home/desu/fudanbot_ws/build/modbus_driver/prefix_override:/usr/lib/python3/dist-packages/colcon_core/task/python/colcon_distutils_commands:/home/desu/fudanbot_ws/install/modbus_driver/lib/python3.10/site-packages:${PYTHONPATH} /usr/bin/python3 -W ignore:setup.py install is deprecated -W ignore:easy_install command is deprecated setup.py egg_info --egg-base ../../build/modbus_driver build --build-base /home/desu/fudanbot_ws/build/modbus_driver/build install --record /home/desu/fudanbot_ws/build/modbus_driver/install.log --single-version-externally-managed install_data
