[0.011s] Invoking command in '/home/desu/fudanbot_ws/build/rplidar_ros': CMAKE_PREFIX_PATH=${CMAKE_PREFIX_PATH}:/home/desu/spms_ws/install/launch_testing_examples:/home/desu/spms_ws/install/fudensgayservices:/home/desu/spms_ws/install/fudanisgay:/home/desu/spms_ws/install/examples_rclpy_pointcloud_publisher:/home/desu/spms_ws/install/examples_rclpy_minimal_subscriber:/home/desu/spms_ws/install/examples_rclpy_minimal_service:/home/desu/spms_ws/install/examples_rclpy_minimal_publisher:/home/desu/spms_ws/install/examples_rclpy_minimal_client:/home/desu/spms_ws/install/examples_rclpy_minimal_action_server:/home/desu/spms_ws/install/examples_rclpy_minimal_action_client:/home/desu/spms_ws/install/examples_rclpy_guard_conditions:/home/desu/spms_ws/install/examples_rclpy_executors:/opt/ros/humble /usr/bin/cmake /home/desu/fudanbot_ws/src/rplidar_ros -DCMAKE_INSTALL_PREFIX=/home/desu/fudanbot_ws/install/rplidar_ros
[0.027s] -- Found ament_cmake: 1.3.11 (/opt/ros/humble/share/ament_cmake/cmake)
[0.139s] -- Override CMake install command with custom implementation using symlinks instead of copying resources
[0.144s] -- Found rclcpp: 16.0.11 (/opt/ros/humble/share/rclcpp/cmake)
[0.168s] -- Found rosidl_generator_c: 3.1.6 (/opt/ros/humble/share/rosidl_generator_c/cmake)
[0.169s] -- Found rosidl_adapter: 3.1.6 (/opt/ros/humble/share/rosidl_adapter/cmake)
[0.175s] -- Found rosidl_generator_cpp: 3.1.6 (/opt/ros/humble/share/rosidl_generator_cpp/cmake)
[0.183s] -- Using all available rosidl_typesupport_c: rosidl_typesupport_fastrtps_c;rosidl_typesupport_introspection_c
[0.193s] -- Using all available rosidl_typesupport_cpp: rosidl_typesupport_fastrtps_cpp;rosidl_typesupport_introspection_cpp
[0.215s] -- Found rmw_implementation_cmake: 6.1.2 (/opt/ros/humble/share/rmw_implementation_cmake/cmake)
[0.217s] -- Found rmw_fastrtps_cpp: 6.2.7 (/opt/ros/humble/share/rmw_fastrtps_cpp/cmake)
[0.326s] -- Using RMW implementation 'rmw_fastrtps_cpp' as default
[0.361s] -- Found sensor_msgs: 4.2.4 (/opt/ros/humble/share/sensor_msgs/cmake)
[0.380s] -- Found std_srvs: 4.2.4 (/opt/ros/humble/share/std_srvs/cmake)
[0.463s] -- Configuring done
[0.483s] -- Generating done
[0.490s] -- Build files have been written to: /home/desu/fudanbot_ws/build/rplidar_ros
[0.511s] Invoked command in '/home/desu/fudanbot_ws/build/rplidar_ros' returned '0': CMAKE_PREFIX_PATH=${CMAKE_PREFIX_PATH}:/home/desu/spms_ws/install/launch_testing_examples:/home/desu/spms_ws/install/fudensgayservices:/home/desu/spms_ws/install/fudanisgay:/home/desu/spms_ws/install/examples_rclpy_pointcloud_publisher:/home/desu/spms_ws/install/examples_rclpy_minimal_subscriber:/home/desu/spms_ws/install/examples_rclpy_minimal_service:/home/desu/spms_ws/install/examples_rclpy_minimal_publisher:/home/desu/spms_ws/install/examples_rclpy_minimal_client:/home/desu/spms_ws/install/examples_rclpy_minimal_action_server:/home/desu/spms_ws/install/examples_rclpy_minimal_action_client:/home/desu/spms_ws/install/examples_rclpy_guard_conditions:/home/desu/spms_ws/install/examples_rclpy_executors:/opt/ros/humble /usr/bin/cmake /home/desu/fudanbot_ws/src/rplidar_ros -DCMAKE_INSTALL_PREFIX=/home/desu/fudanbot_ws/install/rplidar_ros
[0.514s] Invoking command in '/home/desu/fudanbot_ws/build/rplidar_ros': CMAKE_PREFIX_PATH=${CMAKE_PREFIX_PATH}:/home/desu/spms_ws/install/launch_testing_examples:/home/desu/spms_ws/install/fudensgayservices:/home/desu/spms_ws/install/fudanisgay:/home/desu/spms_ws/install/examples_rclpy_pointcloud_publisher:/home/desu/spms_ws/install/examples_rclpy_minimal_subscriber:/home/desu/spms_ws/install/examples_rclpy_minimal_service:/home/desu/spms_ws/install/examples_rclpy_minimal_publisher:/home/desu/spms_ws/install/examples_rclpy_minimal_client:/home/desu/spms_ws/install/examples_rclpy_minimal_action_server:/home/desu/spms_ws/install/examples_rclpy_minimal_action_client:/home/desu/spms_ws/install/examples_rclpy_guard_conditions:/home/desu/spms_ws/install/examples_rclpy_executors:/opt/ros/humble /usr/bin/cmake --build /home/desu/fudanbot_ws/build/rplidar_ros -- -j16 -l16
[0.582s] [35m[1mConsolidate compiler generated dependencies of target rplidar_client[0m
[0.584s] [35m[1mConsolidate compiler generated dependencies of target rplidar_node[0m
[0.585s] [35m[1mConsolidate compiler generated dependencies of target rplidar_composition[0m
[0.609s] [  5%] Built target rplidar_client
[0.619s] [100%] Built target rplidar_node
[0.619s] [100%] Built target rplidar_composition
[0.639s] Invoked command in '/home/desu/fudanbot_ws/build/rplidar_ros' returned '0': CMAKE_PREFIX_PATH=${CMAKE_PREFIX_PATH}:/home/desu/spms_ws/install/launch_testing_examples:/home/desu/spms_ws/install/fudensgayservices:/home/desu/spms_ws/install/fudanisgay:/home/desu/spms_ws/install/examples_rclpy_pointcloud_publisher:/home/desu/spms_ws/install/examples_rclpy_minimal_subscriber:/home/desu/spms_ws/install/examples_rclpy_minimal_service:/home/desu/spms_ws/install/examples_rclpy_minimal_publisher:/home/desu/spms_ws/install/examples_rclpy_minimal_client:/home/desu/spms_ws/install/examples_rclpy_minimal_action_server:/home/desu/spms_ws/install/examples_rclpy_minimal_action_client:/home/desu/spms_ws/install/examples_rclpy_guard_conditions:/home/desu/spms_ws/install/examples_rclpy_executors:/opt/ros/humble /usr/bin/cmake --build /home/desu/fudanbot_ws/build/rplidar_ros -- -j16 -l16
[0.657s] Invoking command in '/home/desu/fudanbot_ws/build/rplidar_ros': CMAKE_PREFIX_PATH=${CMAKE_PREFIX_PATH}:/home/desu/spms_ws/install/launch_testing_examples:/home/desu/spms_ws/install/fudensgayservices:/home/desu/spms_ws/install/fudanisgay:/home/desu/spms_ws/install/examples_rclpy_pointcloud_publisher:/home/desu/spms_ws/install/examples_rclpy_minimal_subscriber:/home/desu/spms_ws/install/examples_rclpy_minimal_service:/home/desu/spms_ws/install/examples_rclpy_minimal_publisher:/home/desu/spms_ws/install/examples_rclpy_minimal_client:/home/desu/spms_ws/install/examples_rclpy_minimal_action_server:/home/desu/spms_ws/install/examples_rclpy_minimal_action_client:/home/desu/spms_ws/install/examples_rclpy_guard_conditions:/home/desu/spms_ws/install/examples_rclpy_executors:/opt/ros/humble /usr/bin/cmake --install /home/desu/fudanbot_ws/build/rplidar_ros
[0.668s] -- Install configuration: ""
[0.668s] -- Execute custom install script
[0.668s] -- Up-to-date symlink: /home/desu/fudanbot_ws/install/rplidar_ros/share/rplidar_ros/launch/rplidar_a1_launch.py
[0.669s] -- Up-to-date symlink: /home/desu/fudanbot_ws/install/rplidar_ros/share/rplidar_ros/launch/rplidar_a2m12_launch.py
[0.669s] -- Up-to-date symlink: /home/desu/fudanbot_ws/install/rplidar_ros/share/rplidar_ros/launch/rplidar_a2m7_launch.py
[0.669s] -- Up-to-date symlink: /home/desu/fudanbot_ws/install/rplidar_ros/share/rplidar_ros/launch/rplidar_a2m8_launch.py
[0.669s] -- Up-to-date symlink: /home/desu/fudanbot_ws/install/rplidar_ros/share/rplidar_ros/launch/rplidar_a3_launch.py
[0.669s] -- Up-to-date symlink: /home/desu/fudanbot_ws/install/rplidar_ros/share/rplidar_ros/launch/rplidar_c1_launch.py
[0.669s] -- Up-to-date symlink: /home/desu/fudanbot_ws/install/rplidar_ros/share/rplidar_ros/launch/rplidar_s1_launch.py
[0.669s] -- Up-to-date symlink: /home/desu/fudanbot_ws/install/rplidar_ros/share/rplidar_ros/launch/rplidar_s1_tcp_launch.py
[0.669s] -- Up-to-date symlink: /home/desu/fudanbot_ws/install/rplidar_ros/share/rplidar_ros/launch/rplidar_s2_launch.py
[0.669s] -- Up-to-date symlink: /home/desu/fudanbot_ws/install/rplidar_ros/share/rplidar_ros/launch/rplidar_s2e_launch.py
[0.669s] -- Up-to-date symlink: /home/desu/fudanbot_ws/install/rplidar_ros/share/rplidar_ros/launch/rplidar_s3_launch.py
[0.670s] -- Up-to-date symlink: /home/desu/fudanbot_ws/install/rplidar_ros/share/rplidar_ros/launch/rplidar_t1_launch.py
[0.670s] -- Up-to-date symlink: /home/desu/fudanbot_ws/install/rplidar_ros/share/rplidar_ros/launch/view_rplidar_a1_launch.py
[0.670s] -- Up-to-date symlink: /home/desu/fudanbot_ws/install/rplidar_ros/share/rplidar_ros/launch/view_rplidar_a2m12_launch.py
[0.670s] -- Up-to-date symlink: /home/desu/fudanbot_ws/install/rplidar_ros/share/rplidar_ros/launch/view_rplidar_a2m7_launch.py
[0.670s] -- Up-to-date symlink: /home/desu/fudanbot_ws/install/rplidar_ros/share/rplidar_ros/launch/view_rplidar_a2m8_launch.py
[0.670s] -- Up-to-date symlink: /home/desu/fudanbot_ws/install/rplidar_ros/share/rplidar_ros/launch/view_rplidar_a3_launch.py
[0.670s] -- Up-to-date symlink: /home/desu/fudanbot_ws/install/rplidar_ros/share/rplidar_ros/launch/view_rplidar_c1_launch.py
[0.670s] -- Up-to-date symlink: /home/desu/fudanbot_ws/install/rplidar_ros/share/rplidar_ros/launch/view_rplidar_s1_launch.py
[0.670s] -- Up-to-date symlink: /home/desu/fudanbot_ws/install/rplidar_ros/share/rplidar_ros/launch/view_rplidar_s1_tcp_launch.py
[0.670s] -- Up-to-date symlink: /home/desu/fudanbot_ws/install/rplidar_ros/share/rplidar_ros/launch/view_rplidar_s2_launch.py
[0.670s] -- Up-to-date symlink: /home/desu/fudanbot_ws/install/rplidar_ros/share/rplidar_ros/launch/view_rplidar_s2e_launch.py
[0.670s] -- Up-to-date symlink: /home/desu/fudanbot_ws/install/rplidar_ros/share/rplidar_ros/launch/view_rplidar_s3_launch.py
[0.670s] -- Up-to-date symlink: /home/desu/fudanbot_ws/install/rplidar_ros/share/rplidar_ros/launch/view_rplidar_t1_launch.py
[0.671s] -- Up-to-date symlink: /home/desu/fudanbot_ws/install/rplidar_ros/share/rplidar_ros/rviz/rplidar_ros.rviz
[0.671s] -- Up-to-date symlink: /home/desu/fudanbot_ws/install/rplidar_ros/lib/rplidar_ros/rplidar_node
[0.671s] -- Up-to-date symlink: /home/desu/fudanbot_ws/install/rplidar_ros/lib/rplidar_ros/rplidar_composition
[0.671s] -- Up-to-date symlink: /home/desu/fudanbot_ws/install/rplidar_ros/lib/rplidar_ros/rplidar_client
[0.671s] -- Up-to-date symlink: /home/desu/fudanbot_ws/install/rplidar_ros/share/ament_index/resource_index/package_run_dependencies/rplidar_ros
[0.671s] -- Up-to-date symlink: /home/desu/fudanbot_ws/install/rplidar_ros/share/ament_index/resource_index/parent_prefix_path/rplidar_ros
[0.671s] -- Up-to-date symlink: /home/desu/fudanbot_ws/install/rplidar_ros/share/rplidar_ros/environment/ament_prefix_path.sh
[0.672s] -- Up-to-date symlink: /home/desu/fudanbot_ws/install/rplidar_ros/share/rplidar_ros/environment/ament_prefix_path.dsv
[0.672s] -- Up-to-date symlink: /home/desu/fudanbot_ws/install/rplidar_ros/share/rplidar_ros/environment/path.sh
[0.672s] -- Up-to-date symlink: /home/desu/fudanbot_ws/install/rplidar_ros/share/rplidar_ros/environment/path.dsv
[0.672s] -- Up-to-date symlink: /home/desu/fudanbot_ws/install/rplidar_ros/share/rplidar_ros/local_setup.bash
[0.672s] -- Up-to-date symlink: /home/desu/fudanbot_ws/install/rplidar_ros/share/rplidar_ros/local_setup.sh
[0.672s] -- Up-to-date symlink: /home/desu/fudanbot_ws/install/rplidar_ros/share/rplidar_ros/local_setup.zsh
[0.672s] -- Up-to-date symlink: /home/desu/fudanbot_ws/install/rplidar_ros/share/rplidar_ros/local_setup.dsv
[0.672s] -- Symlinking: /home/desu/fudanbot_ws/install/rplidar_ros/share/rplidar_ros/package.dsv
[0.686s] -- Up-to-date symlink: /home/desu/fudanbot_ws/install/rplidar_ros/share/ament_index/resource_index/packages/rplidar_ros
[0.686s] -- Up-to-date symlink: /home/desu/fudanbot_ws/install/rplidar_ros/share/rplidar_ros/cmake/ament_cmake_export_dependencies-extras.cmake
[0.686s] -- Up-to-date symlink: /home/desu/fudanbot_ws/install/rplidar_ros/share/rplidar_ros/cmake/ament_cmake_export_include_directories-extras.cmake
[0.686s] -- Up-to-date symlink: /home/desu/fudanbot_ws/install/rplidar_ros/share/rplidar_ros/cmake/rplidar_rosConfig.cmake
[0.686s] -- Up-to-date symlink: /home/desu/fudanbot_ws/install/rplidar_ros/share/rplidar_ros/cmake/rplidar_rosConfig-version.cmake
[0.686s] -- Up-to-date symlink: /home/desu/fudanbot_ws/install/rplidar_ros/share/rplidar_ros/package.xml
[0.689s] Invoked command in '/home/desu/fudanbot_ws/build/rplidar_ros' returned '0': CMAKE_PREFIX_PATH=${CMAKE_PREFIX_PATH}:/home/desu/spms_ws/install/launch_testing_examples:/home/desu/spms_ws/install/fudensgayservices:/home/desu/spms_ws/install/fudanisgay:/home/desu/spms_ws/install/examples_rclpy_pointcloud_publisher:/home/desu/spms_ws/install/examples_rclpy_minimal_subscriber:/home/desu/spms_ws/install/examples_rclpy_minimal_service:/home/desu/spms_ws/install/examples_rclpy_minimal_publisher:/home/desu/spms_ws/install/examples_rclpy_minimal_client:/home/desu/spms_ws/install/examples_rclpy_minimal_action_server:/home/desu/spms_ws/install/examples_rclpy_minimal_action_client:/home/desu/spms_ws/install/examples_rclpy_guard_conditions:/home/desu/spms_ws/install/examples_rclpy_executors:/opt/ros/humble /usr/bin/cmake --install /home/desu/fudanbot_ws/build/rplidar_ros
