[0.667s] Invoking command in '/home/desu/fudanbot_ws/src/motor_driver': PS1=(turtlebot_env) \[\e]0;\u@\h: \w\a\]${debian_chroot:+($debian_chroot)}\[\033[01;32m\]\u@\h\[\033[00m\]:\[\033[01;34m\]\w\[\033[00m\]\$ PYTHONPATH=/home/desu/fudanbot_ws/build/motor_driver/prefix_override:/usr/lib/python3/dist-packages/colcon_core/task/python/colcon_distutils_commands:/home/desu/fudanbot_ws/install/motor_driver/lib/python3.10/site-packages:${PYTHONPATH} VIRTUAL_ENV_PROMPT=(turtlebot_env) /usr/bin/python3 -W ignore:setup.py install is deprecated -W ignore:easy_install command is deprecated setup.py egg_info --egg-base ../../build/motor_driver build --build-base /home/desu/fudanbot_ws/build/motor_driver/build install --record /home/desu/fudanbot_ws/build/motor_driver/install.log --single-version-externally-managed install_data
[0.909s] running egg_info
[0.910s] writing ../../build/motor_driver/motor_driver.egg-info/PKG-INFO
[0.910s] writing dependency_links to ../../build/motor_driver/motor_driver.egg-info/dependency_links.txt
[0.910s] writing entry points to ../../build/motor_driver/motor_driver.egg-info/entry_points.txt
[0.910s] writing requirements to ../../build/motor_driver/motor_driver.egg-info/requires.txt
[0.910s] writing top-level names to ../../build/motor_driver/motor_driver.egg-info/top_level.txt
[0.912s] reading manifest file '../../build/motor_driver/motor_driver.egg-info/SOURCES.txt'
[0.913s] writing manifest file '../../build/motor_driver/motor_driver.egg-info/SOURCES.txt'
[0.913s] running build
[0.913s] running build_py
[0.913s] copying motor_driver/motor_driver.py -> /home/desu/fudanbot_ws/build/motor_driver/build/lib/motor_driver
[0.913s] running install
[0.914s] running install_lib
[0.914s] copying /home/desu/fudanbot_ws/build/motor_driver/build/lib/motor_driver/motor_driver.py -> /home/desu/fudanbot_ws/install/motor_driver/lib/python3.10/site-packages/motor_driver
[0.915s] byte-compiling /home/desu/fudanbot_ws/install/motor_driver/lib/python3.10/site-packages/motor_driver/motor_driver.py to motor_driver.cpython-310.pyc
[0.916s] running install_data
[0.916s]   File "/home/desu/fudanbot_ws/install/motor_driver/lib/python3.10/site-packages/motor_driver/motor_driver.py", line 30
[0.916s]     self.get_logger().info(% msg.linear)
[0.916s]                            ^
[0.916s] SyntaxError: invalid syntax
[0.916s] 
[0.916s] running install_egg_info
[0.917s] removing '/home/desu/fudanbot_ws/install/motor_driver/lib/python3.10/site-packages/motor_driver-0.0.0-py3.10.egg-info' (and everything under it)
[0.918s] Copying ../../build/motor_driver/motor_driver.egg-info to /home/desu/fudanbot_ws/install/motor_driver/lib/python3.10/site-packages/motor_driver-0.0.0-py3.10.egg-info
[0.919s] running install_scripts
[0.942s] Installing motor_driver script to /home/desu/fudanbot_ws/install/motor_driver/lib/motor_driver
[0.943s] writing list of installed files to '/home/desu/fudanbot_ws/build/motor_driver/install.log'
[0.976s] Invoked command in '/home/desu/fudanbot_ws/src/motor_driver' returned '0': PS1=(turtlebot_env) \[\e]0;\u@\h: \w\a\]${debian_chroot:+($debian_chroot)}\[\033[01;32m\]\u@\h\[\033[00m\]:\[\033[01;34m\]\w\[\033[00m\]\$ PYTHONPATH=/home/desu/fudanbot_ws/build/motor_driver/prefix_override:/usr/lib/python3/dist-packages/colcon_core/task/python/colcon_distutils_commands:/home/desu/fudanbot_ws/install/motor_driver/lib/python3.10/site-packages:${PYTHONPATH} VIRTUAL_ENV_PROMPT=(turtlebot_env) /usr/bin/python3 -W ignore:setup.py install is deprecated -W ignore:easy_install command is deprecated setup.py egg_info --egg-base ../../build/motor_driver build --build-base /home/desu/fudanbot_ws/build/motor_driver/build install --record /home/desu/fudanbot_ws/build/motor_driver/install.log --single-version-externally-managed install_data
