[0.109s] DEBUG:colcon:Command line arguments: ['/usr/bin/colcon', 'build']
[0.109s] DEBUG:colcon:Parsed command line arguments: Namespace(log_base=None, log_level=None, verb_name='build', build_base='build', install_base='install', merge_install=False, symlink_install=False, test_result_base=None, continue_on_error=False, executor='parallel', parallel_workers=16, event_handlers=None, ignore_user_meta=False, metas=['./colcon.meta'], base_paths=['.'], packages_ignore=None, packages_ignore_regex=None, paths=None, packages_up_to=None, packages_up_to_regex=None, packages_above=None, packages_above_and_dependencies=None, packages_above_depth=None, packages_select_by_dep=None, packages_skip_by_dep=None, packages_skip_up_to=None, packages_select_build_failed=False, packages_skip_build_finished=False, packages_select_test_failures=False, packages_skip_test_passed=False, packages_select=None, packages_skip=None, packages_select_regex=None, packages_skip_regex=None, packages_start=None, packages_end=None, allow_overriding=[], cmake_args=None, cmake_target=None, cmake_target_skip_unavailable=False, cmake_clean_cache=False, cmake_clean_first=False, cmake_force_configure=False, ament_cmake_args=None, catkin_cmake_args=None, catkin_skip_building_tests=False, verb_parser=<colcon_defaults.argument_parser.defaults.DefaultArgumentsDecorator object at 0x70418fe2d180>, verb_extension=<colcon_core.verb.build.BuildVerb object at 0x70418fe2cc40>, main=<bound method BuildVerb.main of <colcon_core.verb.build.BuildVerb object at 0x70418fe2cc40>>)
[0.281s] Level 1:colcon.colcon_core.package_discovery:discover_packages(colcon_meta) check parameters
[0.281s] Level 1:colcon.colcon_core.package_discovery:discover_packages(recursive) check parameters
[0.281s] Level 1:colcon.colcon_core.package_discovery:discover_packages(ignore) check parameters
[0.281s] Level 1:colcon.colcon_core.package_discovery:discover_packages(path) check parameters
[0.281s] Level 1:colcon.colcon_core.package_discovery:discover_packages(colcon_meta) discover
[0.281s] Level 1:colcon.colcon_core.package_discovery:discover_packages(recursive) discover
[0.281s] INFO:colcon.colcon_core.package_discovery:Crawling recursively for packages in '/home/desu/fudanbot_ws'
[0.281s] Level 1:colcon.colcon_core.package_identification:_identify(.) by extensions ['ignore', 'ignore_ament_install']
[0.281s] Level 1:colcon.colcon_core.package_identification:_identify(.) by extension 'ignore'
[0.282s] Level 1:colcon.colcon_core.package_identification:_identify(.) by extension 'ignore_ament_install'
[0.282s] Level 1:colcon.colcon_core.package_identification:_identify(.) by extensions ['colcon_pkg']
[0.282s] Level 1:colcon.colcon_core.package_identification:_identify(.) by extension 'colcon_pkg'
[0.282s] Level 1:colcon.colcon_core.package_identification:_identify(.) by extensions ['colcon_meta']
[0.282s] Level 1:colcon.colcon_core.package_identification:_identify(.) by extension 'colcon_meta'
[0.282s] Level 1:colcon.colcon_core.package_identification:_identify(.) by extensions ['ros']
[0.282s] Level 1:colcon.colcon_core.package_identification:_identify(.) by extension 'ros'
[0.293s] Level 1:colcon.colcon_core.package_identification:_identify(.) by extensions ['cmake', 'python']
[0.293s] Level 1:colcon.colcon_core.package_identification:_identify(.) by extension 'cmake'
[0.293s] Level 1:colcon.colcon_core.package_identification:_identify(.) by extension 'python'
[0.293s] Level 1:colcon.colcon_core.package_identification:_identify(.) by extensions ['python_setup_py']
[0.293s] Level 1:colcon.colcon_core.package_identification:_identify(.) by extension 'python_setup_py'
[0.293s] Level 1:colcon.colcon_core.package_identification:_identify(build) by extensions ['ignore', 'ignore_ament_install']
[0.294s] Level 1:colcon.colcon_core.package_identification:_identify(build) by extension 'ignore'
[0.294s] Level 1:colcon.colcon_core.package_identification:_identify(build) ignored
[0.294s] Level 1:colcon.colcon_core.package_identification:_identify(install) by extensions ['ignore', 'ignore_ament_install']
[0.294s] Level 1:colcon.colcon_core.package_identification:_identify(install) by extension 'ignore'
[0.294s] Level 1:colcon.colcon_core.package_identification:_identify(install) ignored
[0.294s] Level 1:colcon.colcon_core.package_identification:_identify(log) by extensions ['ignore', 'ignore_ament_install']
[0.294s] Level 1:colcon.colcon_core.package_identification:_identify(log) by extension 'ignore'
[0.294s] Level 1:colcon.colcon_core.package_identification:_identify(log) ignored
[0.294s] Level 1:colcon.colcon_core.package_identification:_identify(src) by extensions ['ignore', 'ignore_ament_install']
[0.294s] Level 1:colcon.colcon_core.package_identification:_identify(src) by extension 'ignore'
[0.294s] Level 1:colcon.colcon_core.package_identification:_identify(src) by extension 'ignore_ament_install'
[0.294s] Level 1:colcon.colcon_core.package_identification:_identify(src) by extensions ['colcon_pkg']
[0.294s] Level 1:colcon.colcon_core.package_identification:_identify(src) by extension 'colcon_pkg'
[0.294s] Level 1:colcon.colcon_core.package_identification:_identify(src) by extensions ['colcon_meta']
[0.294s] Level 1:colcon.colcon_core.package_identification:_identify(src) by extension 'colcon_meta'
[0.294s] Level 1:colcon.colcon_core.package_identification:_identify(src) by extensions ['ros']
[0.294s] Level 1:colcon.colcon_core.package_identification:_identify(src) by extension 'ros'
[0.295s] Level 1:colcon.colcon_core.package_identification:_identify(src) by extensions ['cmake', 'python']
[0.295s] Level 1:colcon.colcon_core.package_identification:_identify(src) by extension 'cmake'
[0.295s] Level 1:colcon.colcon_core.package_identification:_identify(src) by extension 'python'
[0.295s] Level 1:colcon.colcon_core.package_identification:_identify(src) by extensions ['python_setup_py']
[0.295s] Level 1:colcon.colcon_core.package_identification:_identify(src) by extension 'python_setup_py'
[0.295s] Level 1:colcon.colcon_core.package_identification:_identify(src/modbus_driver) by extensions ['ignore', 'ignore_ament_install']
[0.295s] Level 1:colcon.colcon_core.package_identification:_identify(src/modbus_driver) by extension 'ignore'
[0.295s] Level 1:colcon.colcon_core.package_identification:_identify(src/modbus_driver) by extension 'ignore_ament_install'
[0.295s] Level 1:colcon.colcon_core.package_identification:_identify(src/modbus_driver) by extensions ['colcon_pkg']
[0.295s] Level 1:colcon.colcon_core.package_identification:_identify(src/modbus_driver) by extension 'colcon_pkg'
[0.295s] Level 1:colcon.colcon_core.package_identification:_identify(src/modbus_driver) by extensions ['colcon_meta']
[0.295s] Level 1:colcon.colcon_core.package_identification:_identify(src/modbus_driver) by extension 'colcon_meta'
[0.295s] Level 1:colcon.colcon_core.package_identification:_identify(src/modbus_driver) by extensions ['ros']
[0.295s] Level 1:colcon.colcon_core.package_identification:_identify(src/modbus_driver) by extension 'ros'
[0.298s] DEBUG:colcon.colcon_core.package_identification:Package 'src/modbus_driver' with type 'ros.ament_python' and name 'modbus_driver'
[0.298s] Level 1:colcon.colcon_core.package_identification:_identify(src/motor_driver) by extensions ['ignore', 'ignore_ament_install']
[0.298s] Level 1:colcon.colcon_core.package_identification:_identify(src/motor_driver) by extension 'ignore'
[0.298s] Level 1:colcon.colcon_core.package_identification:_identify(src/motor_driver) by extension 'ignore_ament_install'
[0.298s] Level 1:colcon.colcon_core.package_identification:_identify(src/motor_driver) by extensions ['colcon_pkg']
[0.298s] Level 1:colcon.colcon_core.package_identification:_identify(src/motor_driver) by extension 'colcon_pkg'
[0.298s] Level 1:colcon.colcon_core.package_identification:_identify(src/motor_driver) by extensions ['colcon_meta']
[0.298s] Level 1:colcon.colcon_core.package_identification:_identify(src/motor_driver) by extension 'colcon_meta'
[0.298s] Level 1:colcon.colcon_core.package_identification:_identify(src/motor_driver) by extensions ['ros']
[0.298s] Level 1:colcon.colcon_core.package_identification:_identify(src/motor_driver) by extension 'ros'
[0.299s] DEBUG:colcon.colcon_core.package_identification:Package 'src/motor_driver' with type 'ros.ament_python' and name 'motor_driver'
[0.299s] Level 1:colcon.colcon_core.package_identification:_identify(src/rplidar_ros) by extensions ['ignore', 'ignore_ament_install']
[0.299s] Level 1:colcon.colcon_core.package_identification:_identify(src/rplidar_ros) by extension 'ignore'
[0.299s] Level 1:colcon.colcon_core.package_identification:_identify(src/rplidar_ros) by extension 'ignore_ament_install'
[0.299s] Level 1:colcon.colcon_core.package_identification:_identify(src/rplidar_ros) by extensions ['colcon_pkg']
[0.299s] Level 1:colcon.colcon_core.package_identification:_identify(src/rplidar_ros) by extension 'colcon_pkg'
[0.299s] Level 1:colcon.colcon_core.package_identification:_identify(src/rplidar_ros) by extensions ['colcon_meta']
[0.299s] Level 1:colcon.colcon_core.package_identification:_identify(src/rplidar_ros) by extension 'colcon_meta'
[0.299s] Level 1:colcon.colcon_core.package_identification:_identify(src/rplidar_ros) by extensions ['ros']
[0.299s] Level 1:colcon.colcon_core.package_identification:_identify(src/rplidar_ros) by extension 'ros'
[0.300s] DEBUG:colcon.colcon_core.package_identification:Package 'src/rplidar_ros' with type 'ros.ament_cmake' and name 'rplidar_ros'
[0.300s] Level 1:colcon.colcon_core.package_discovery:discover_packages(recursive) using defaults
[0.300s] Level 1:colcon.colcon_core.package_discovery:discover_packages(ignore) discover
[0.300s] Level 1:colcon.colcon_core.package_discovery:discover_packages(ignore) using defaults
[0.300s] Level 1:colcon.colcon_core.package_discovery:discover_packages(path) discover
[0.300s] Level 1:colcon.colcon_core.package_discovery:discover_packages(path) using defaults
[0.320s] Level 1:colcon.colcon_core.package_discovery:discover_packages(prefix_path) check parameters
[0.321s] Level 1:colcon.colcon_core.package_discovery:discover_packages(prefix_path) discover
[0.322s] DEBUG:colcon.colcon_installed_package_information.package_discovery:Found 3 installed packages in /home/desu/fudanbot_ws/install
[0.324s] DEBUG:colcon.colcon_installed_package_information.package_discovery:Found 349 installed packages in /opt/ros/humble
[0.344s] Level 1:colcon.colcon_core.package_discovery:discover_packages(prefix_path) using defaults
[0.390s] Level 5:colcon.colcon_core.verb:set package 'modbus_driver' build argument 'cmake_args' from command line to 'None'
[0.390s] Level 5:colcon.colcon_core.verb:set package 'modbus_driver' build argument 'cmake_target' from command line to 'None'
[0.390s] Level 5:colcon.colcon_core.verb:set package 'modbus_driver' build argument 'cmake_target_skip_unavailable' from command line to 'False'
[0.390s] Level 5:colcon.colcon_core.verb:set package 'modbus_driver' build argument 'cmake_clean_cache' from command line to 'False'
[0.390s] Level 5:colcon.colcon_core.verb:set package 'modbus_driver' build argument 'cmake_clean_first' from command line to 'False'
[0.390s] Level 5:colcon.colcon_core.verb:set package 'modbus_driver' build argument 'cmake_force_configure' from command line to 'False'
[0.390s] Level 5:colcon.colcon_core.verb:set package 'modbus_driver' build argument 'ament_cmake_args' from command line to 'None'
[0.390s] Level 5:colcon.colcon_core.verb:set package 'modbus_driver' build argument 'catkin_cmake_args' from command line to 'None'
[0.390s] Level 5:colcon.colcon_core.verb:set package 'modbus_driver' build argument 'catkin_skip_building_tests' from command line to 'False'
[0.390s] DEBUG:colcon.colcon_core.verb:Building package 'modbus_driver' with the following arguments: {'ament_cmake_args': None, 'build_base': '/home/desu/fudanbot_ws/build/modbus_driver', 'catkin_cmake_args': None, 'catkin_skip_building_tests': False, 'cmake_args': None, 'cmake_clean_cache': False, 'cmake_clean_first': False, 'cmake_force_configure': False, 'cmake_target': None, 'cmake_target_skip_unavailable': False, 'install_base': '/home/desu/fudanbot_ws/install/modbus_driver', 'merge_install': False, 'path': '/home/desu/fudanbot_ws/src/modbus_driver', 'symlink_install': False, 'test_result_base': None}
[0.391s] Level 5:colcon.colcon_core.verb:set package 'motor_driver' build argument 'cmake_args' from command line to 'None'
[0.391s] Level 5:colcon.colcon_core.verb:set package 'motor_driver' build argument 'cmake_target' from command line to 'None'
[0.391s] Level 5:colcon.colcon_core.verb:set package 'motor_driver' build argument 'cmake_target_skip_unavailable' from command line to 'False'
[0.391s] Level 5:colcon.colcon_core.verb:set package 'motor_driver' build argument 'cmake_clean_cache' from command line to 'False'
[0.391s] Level 5:colcon.colcon_core.verb:set package 'motor_driver' build argument 'cmake_clean_first' from command line to 'False'
[0.391s] Level 5:colcon.colcon_core.verb:set package 'motor_driver' build argument 'cmake_force_configure' from command line to 'False'
[0.391s] Level 5:colcon.colcon_core.verb:set package 'motor_driver' build argument 'ament_cmake_args' from command line to 'None'
[0.391s] Level 5:colcon.colcon_core.verb:set package 'motor_driver' build argument 'catkin_cmake_args' from command line to 'None'
[0.391s] Level 5:colcon.colcon_core.verb:set package 'motor_driver' build argument 'catkin_skip_building_tests' from command line to 'False'
[0.391s] DEBUG:colcon.colcon_core.verb:Building package 'motor_driver' with the following arguments: {'ament_cmake_args': None, 'build_base': '/home/desu/fudanbot_ws/build/motor_driver', 'catkin_cmake_args': None, 'catkin_skip_building_tests': False, 'cmake_args': None, 'cmake_clean_cache': False, 'cmake_clean_first': False, 'cmake_force_configure': False, 'cmake_target': None, 'cmake_target_skip_unavailable': False, 'install_base': '/home/desu/fudanbot_ws/install/motor_driver', 'merge_install': False, 'path': '/home/desu/fudanbot_ws/src/motor_driver', 'symlink_install': False, 'test_result_base': None}
[0.391s] Level 5:colcon.colcon_core.verb:set package 'rplidar_ros' build argument 'cmake_args' from command line to 'None'
[0.391s] Level 5:colcon.colcon_core.verb:set package 'rplidar_ros' build argument 'cmake_target' from command line to 'None'
[0.391s] Level 5:colcon.colcon_core.verb:set package 'rplidar_ros' build argument 'cmake_target_skip_unavailable' from command line to 'False'
[0.391s] Level 5:colcon.colcon_core.verb:set package 'rplidar_ros' build argument 'cmake_clean_cache' from command line to 'False'
[0.391s] Level 5:colcon.colcon_core.verb:set package 'rplidar_ros' build argument 'cmake_clean_first' from command line to 'False'
[0.391s] Level 5:colcon.colcon_core.verb:set package 'rplidar_ros' build argument 'cmake_force_configure' from command line to 'False'
[0.392s] Level 5:colcon.colcon_core.verb:set package 'rplidar_ros' build argument 'ament_cmake_args' from command line to 'None'
[0.392s] Level 5:colcon.colcon_core.verb:set package 'rplidar_ros' build argument 'catkin_cmake_args' from command line to 'None'
[0.392s] Level 5:colcon.colcon_core.verb:set package 'rplidar_ros' build argument 'catkin_skip_building_tests' from command line to 'False'
[0.392s] DEBUG:colcon.colcon_core.verb:Building package 'rplidar_ros' with the following arguments: {'ament_cmake_args': None, 'build_base': '/home/desu/fudanbot_ws/build/rplidar_ros', 'catkin_cmake_args': None, 'catkin_skip_building_tests': False, 'cmake_args': None, 'cmake_clean_cache': False, 'cmake_clean_first': False, 'cmake_force_configure': False, 'cmake_target': None, 'cmake_target_skip_unavailable': False, 'install_base': '/home/desu/fudanbot_ws/install/rplidar_ros', 'merge_install': False, 'path': '/home/desu/fudanbot_ws/src/rplidar_ros', 'symlink_install': False, 'test_result_base': None}
[0.392s] INFO:colcon.colcon_core.executor:Executing jobs using 'parallel' executor
[0.393s] DEBUG:colcon.colcon_parallel_executor.executor.parallel:run_until_complete
[0.393s] INFO:colcon.colcon_ros.task.ament_python.build:Building ROS package in '/home/desu/fudanbot_ws/src/modbus_driver' with build type 'ament_python'
[0.393s] Level 1:colcon.colcon_core.shell:create_environment_hook('modbus_driver', 'ament_prefix_path')
[0.396s] INFO:colcon.colcon_core.plugin_system:Skipping extension 'colcon_core.shell.bat': Not used on non-Windows systems
[0.396s] INFO:colcon.colcon_core.shell:Creating environment hook '/home/desu/fudanbot_ws/install/modbus_driver/share/modbus_driver/hook/ament_prefix_path.ps1'
[0.397s] INFO:colcon.colcon_core.shell:Creating environment descriptor '/home/desu/fudanbot_ws/install/modbus_driver/share/modbus_driver/hook/ament_prefix_path.dsv'
[0.397s] INFO:colcon.colcon_core.shell:Creating environment hook '/home/desu/fudanbot_ws/install/modbus_driver/share/modbus_driver/hook/ament_prefix_path.sh'
[0.398s] INFO:colcon.colcon_core.shell:Skip shell extension 'powershell' for command environment: Not usable outside of PowerShell
[0.398s] DEBUG:colcon.colcon_core.shell:Skip shell extension 'dsv' for command environment
[0.402s] INFO:colcon.colcon_ros.task.ament_python.build:Building ROS package in '/home/desu/fudanbot_ws/src/motor_driver' with build type 'ament_python'
[0.403s] Level 1:colcon.colcon_core.shell:create_environment_hook('motor_driver', 'ament_prefix_path')
[0.403s] INFO:colcon.colcon_core.shell:Creating environment hook '/home/desu/fudanbot_ws/install/motor_driver/share/motor_driver/hook/ament_prefix_path.ps1'
[0.403s] INFO:colcon.colcon_core.shell:Creating environment descriptor '/home/desu/fudanbot_ws/install/motor_driver/share/motor_driver/hook/ament_prefix_path.dsv'
[0.404s] INFO:colcon.colcon_core.shell:Creating environment hook '/home/desu/fudanbot_ws/install/motor_driver/share/motor_driver/hook/ament_prefix_path.sh'
[0.404s] INFO:colcon.colcon_core.shell:Skip shell extension 'powershell' for command environment: Not usable outside of PowerShell
[0.404s] DEBUG:colcon.colcon_core.shell:Skip shell extension 'dsv' for command environment
[0.408s] INFO:colcon.colcon_ros.task.ament_cmake.build:Building ROS package in '/home/desu/fudanbot_ws/src/rplidar_ros' with build type 'ament_cmake'
[0.408s] INFO:colcon.colcon_cmake.task.cmake.build:Building CMake package in '/home/desu/fudanbot_ws/src/rplidar_ros'
[0.409s] INFO:colcon.colcon_core.shell:Skip shell extension 'powershell' for command environment: Not usable outside of PowerShell
[0.409s] DEBUG:colcon.colcon_core.shell:Skip shell extension 'dsv' for command environment
[0.683s] INFO:colcon.colcon_core.task.python.build:Building Python package in '/home/desu/fudanbot_ws/src/modbus_driver'
[0.684s] INFO:colcon.colcon_core.shell:Skip shell extension 'powershell' for command environment: Not usable outside of PowerShell
[0.684s] DEBUG:colcon.colcon_core.shell:Skip shell extension 'dsv' for command environment
[0.952s] INFO:colcon.colcon_core.task.python.build:Building Python package in '/home/desu/fudanbot_ws/src/motor_driver'
[0.953s] INFO:colcon.colcon_core.shell:Skip shell extension 'powershell' for command environment: Not usable outside of PowerShell
[0.953s] DEBUG:colcon.colcon_core.shell:Skip shell extension 'dsv' for command environment
[0.963s] DEBUG:colcon.colcon_core.event_handler.log_command:Invoking command in '/home/desu/fudanbot_ws/build/rplidar_ros': CMAKE_PREFIX_PATH=${CMAKE_PREFIX_PATH}:/home/desu/fudanbot_ws/install/motor_driver:/home/desu/fudanbot_ws/install/modbus_driver:/opt/ros/humble PS1=(turtlebot_env) \[\e]0;\u@\h: \w\a\]${debian_chroot:+($debian_chroot)}\[\033[01;32m\]\u@\h\[\033[00m\]:\[\033[01;34m\]\w\[\033[00m\]\$ VIRTUAL_ENV_PROMPT=(turtlebot_env) /usr/bin/cmake --build /home/desu/fudanbot_ws/build/rplidar_ros -- -j16 -l16
[1.064s] DEBUG:colcon.colcon_core.event_handler.log_command:Invoked command in '/home/desu/fudanbot_ws/build/rplidar_ros' returned '0': CMAKE_PREFIX_PATH=${CMAKE_PREFIX_PATH}:/home/desu/fudanbot_ws/install/motor_driver:/home/desu/fudanbot_ws/install/modbus_driver:/opt/ros/humble PS1=(turtlebot_env) \[\e]0;\u@\h: \w\a\]${debian_chroot:+($debian_chroot)}\[\033[01;32m\]\u@\h\[\033[00m\]:\[\033[01;34m\]\w\[\033[00m\]\$ VIRTUAL_ENV_PROMPT=(turtlebot_env) /usr/bin/cmake --build /home/desu/fudanbot_ws/build/rplidar_ros -- -j16 -l16
[1.079s] DEBUG:colcon.colcon_core.event_handler.log_command:Invoking command in '/home/desu/fudanbot_ws/build/rplidar_ros': CMAKE_PREFIX_PATH=${CMAKE_PREFIX_PATH}:/home/desu/fudanbot_ws/install/motor_driver:/home/desu/fudanbot_ws/install/modbus_driver:/opt/ros/humble PS1=(turtlebot_env) \[\e]0;\u@\h: \w\a\]${debian_chroot:+($debian_chroot)}\[\033[01;32m\]\u@\h\[\033[00m\]:\[\033[01;34m\]\w\[\033[00m\]\$ VIRTUAL_ENV_PROMPT=(turtlebot_env) /usr/bin/cmake --install /home/desu/fudanbot_ws/build/rplidar_ros
[1.110s] Level 1:colcon.colcon_core.environment:create_environment_scripts_only(rplidar_ros)
[1.111s] DEBUG:colcon.colcon_core.event_handler.log_command:Invoked command in '/home/desu/fudanbot_ws/build/rplidar_ros' returned '0': CMAKE_PREFIX_PATH=${CMAKE_PREFIX_PATH}:/home/desu/fudanbot_ws/install/motor_driver:/home/desu/fudanbot_ws/install/modbus_driver:/opt/ros/humble PS1=(turtlebot_env) \[\e]0;\u@\h: \w\a\]${debian_chroot:+($debian_chroot)}\[\033[01;32m\]\u@\h\[\033[00m\]:\[\033[01;34m\]\w\[\033[00m\]\$ VIRTUAL_ENV_PROMPT=(turtlebot_env) /usr/bin/cmake --install /home/desu/fudanbot_ws/build/rplidar_ros
[1.113s] Level 1:colcon.colcon_core.environment:checking '/home/desu/fudanbot_ws/install/rplidar_ros' for CMake module files
[1.114s] Level 1:colcon.colcon_core.environment:checking '/home/desu/fudanbot_ws/install/rplidar_ros' for CMake config files
[1.114s] Level 1:colcon.colcon_core.shell:create_environment_hook('rplidar_ros', 'cmake_prefix_path')
[1.114s] INFO:colcon.colcon_core.shell:Creating environment hook '/home/desu/fudanbot_ws/install/rplidar_ros/share/rplidar_ros/hook/cmake_prefix_path.ps1'
[1.115s] INFO:colcon.colcon_core.shell:Creating environment descriptor '/home/desu/fudanbot_ws/install/rplidar_ros/share/rplidar_ros/hook/cmake_prefix_path.dsv'
[1.115s] INFO:colcon.colcon_core.shell:Creating environment hook '/home/desu/fudanbot_ws/install/rplidar_ros/share/rplidar_ros/hook/cmake_prefix_path.sh'
[1.116s] Level 1:colcon.colcon_core.environment:checking '/home/desu/fudanbot_ws/install/rplidar_ros/lib'
[1.116s] Level 1:colcon.colcon_core.environment:checking '/home/desu/fudanbot_ws/install/rplidar_ros/bin'
[1.116s] Level 1:colcon.colcon_core.environment:checking '/home/desu/fudanbot_ws/install/rplidar_ros/lib/pkgconfig/rplidar_ros.pc'
[1.117s] Level 1:colcon.colcon_core.environment:checking '/home/desu/fudanbot_ws/install/rplidar_ros/lib/python3.10/site-packages'
[1.117s] Level 1:colcon.colcon_core.environment:checking '/home/desu/fudanbot_ws/install/rplidar_ros/bin'
[1.117s] INFO:colcon.colcon_core.shell:Creating package script '/home/desu/fudanbot_ws/install/rplidar_ros/share/rplidar_ros/package.ps1'
[1.118s] INFO:colcon.colcon_core.shell:Creating package descriptor '/home/desu/fudanbot_ws/install/rplidar_ros/share/rplidar_ros/package.dsv'
[1.118s] INFO:colcon.colcon_core.shell:Creating package script '/home/desu/fudanbot_ws/install/rplidar_ros/share/rplidar_ros/package.sh'
[1.119s] INFO:colcon.colcon_core.shell:Creating package script '/home/desu/fudanbot_ws/install/rplidar_ros/share/rplidar_ros/package.bash'
[1.120s] INFO:colcon.colcon_core.shell:Creating package script '/home/desu/fudanbot_ws/install/rplidar_ros/share/rplidar_ros/package.zsh'
[1.120s] Level 1:colcon.colcon_core.environment:create_file_with_runtime_dependencies(/home/desu/fudanbot_ws/install/rplidar_ros/share/colcon-core/packages/rplidar_ros)
[1.121s] Level 1:colcon.colcon_core.environment:create_environment_scripts_only(rplidar_ros)
[1.121s] Level 1:colcon.colcon_core.environment:checking '/home/desu/fudanbot_ws/install/rplidar_ros' for CMake module files
[1.122s] Level 1:colcon.colcon_core.environment:checking '/home/desu/fudanbot_ws/install/rplidar_ros' for CMake config files
[1.122s] Level 1:colcon.colcon_core.shell:create_environment_hook('rplidar_ros', 'cmake_prefix_path')
[1.123s] INFO:colcon.colcon_core.shell:Creating environment hook '/home/desu/fudanbot_ws/install/rplidar_ros/share/rplidar_ros/hook/cmake_prefix_path.ps1'
[1.124s] INFO:colcon.colcon_core.shell:Creating environment descriptor '/home/desu/fudanbot_ws/install/rplidar_ros/share/rplidar_ros/hook/cmake_prefix_path.dsv'
[1.124s] INFO:colcon.colcon_core.shell:Creating environment hook '/home/desu/fudanbot_ws/install/rplidar_ros/share/rplidar_ros/hook/cmake_prefix_path.sh'
[1.125s] Level 1:colcon.colcon_core.environment:checking '/home/desu/fudanbot_ws/install/rplidar_ros/lib'
[1.125s] Level 1:colcon.colcon_core.environment:checking '/home/desu/fudanbot_ws/install/rplidar_ros/bin'
[1.125s] Level 1:colcon.colcon_core.environment:checking '/home/desu/fudanbot_ws/install/rplidar_ros/lib/pkgconfig/rplidar_ros.pc'
[1.126s] Level 1:colcon.colcon_core.environment:checking '/home/desu/fudanbot_ws/install/rplidar_ros/lib/python3.10/site-packages'
[1.126s] Level 1:colcon.colcon_core.environment:checking '/home/desu/fudanbot_ws/install/rplidar_ros/bin'
[1.126s] INFO:colcon.colcon_core.shell:Creating package script '/home/desu/fudanbot_ws/install/rplidar_ros/share/rplidar_ros/package.ps1'
[1.126s] INFO:colcon.colcon_core.shell:Creating package descriptor '/home/desu/fudanbot_ws/install/rplidar_ros/share/rplidar_ros/package.dsv'
[1.127s] INFO:colcon.colcon_core.shell:Creating package script '/home/desu/fudanbot_ws/install/rplidar_ros/share/rplidar_ros/package.sh'
[1.127s] INFO:colcon.colcon_core.shell:Creating package script '/home/desu/fudanbot_ws/install/rplidar_ros/share/rplidar_ros/package.bash'
[1.128s] INFO:colcon.colcon_core.shell:Creating package script '/home/desu/fudanbot_ws/install/rplidar_ros/share/rplidar_ros/package.zsh'
[1.128s] Level 1:colcon.colcon_core.environment:create_file_with_runtime_dependencies(/home/desu/fudanbot_ws/install/rplidar_ros/share/colcon-core/packages/rplidar_ros)
[1.347s] DEBUG:colcon.colcon_core.event_handler.log_command:Invoking command in '/home/desu/fudanbot_ws/src/motor_driver': PS1=(turtlebot_env) \[\e]0;\u@\h: \w\a\]${debian_chroot:+($debian_chroot)}\[\033[01;32m\]\u@\h\[\033[00m\]:\[\033[01;34m\]\w\[\033[00m\]\$ PYTHONPATH=/home/desu/fudanbot_ws/build/motor_driver/prefix_override:/usr/lib/python3/dist-packages/colcon_core/task/python/colcon_distutils_commands:/home/desu/fudanbot_ws/install/motor_driver/lib/python3.10/site-packages:${PYTHONPATH} VIRTUAL_ENV_PROMPT=(turtlebot_env) /usr/bin/python3 -W ignore:setup.py install is deprecated -W ignore:easy_install command is deprecated setup.py egg_info --egg-base ../../build/motor_driver build --build-base /home/desu/fudanbot_ws/build/motor_driver/build install --record /home/desu/fudanbot_ws/build/motor_driver/install.log --single-version-externally-managed install_data
[1.348s] DEBUG:colcon.colcon_core.event_handler.log_command:Invoking command in '/home/desu/fudanbot_ws/src/modbus_driver': PS1=(turtlebot_env) \[\e]0;\u@\h: \w\a\]${debian_chroot:+($debian_chroot)}\[\033[01;32m\]\u@\h\[\033[00m\]:\[\033[01;34m\]\w\[\033[00m\]\$ PYTHONPATH=/home/desu/fudanbot_ws/build/modbus_driver/prefix_override:/usr/lib/python3/dist-packages/colcon_core/task/python/colcon_distutils_commands:/home/desu/fudanbot_ws/install/modbus_driver/lib/python3.10/site-packages:${PYTHONPATH} VIRTUAL_ENV_PROMPT=(turtlebot_env) /usr/bin/python3 -W ignore:setup.py install is deprecated -W ignore:easy_install command is deprecated setup.py egg_info --egg-base ../../build/modbus_driver build --build-base /home/desu/fudanbot_ws/build/modbus_driver/build install --record /home/desu/fudanbot_ws/build/modbus_driver/install.log --single-version-externally-managed install_data
[1.667s] Level 1:colcon.colcon_core.environment:checking '/home/desu/fudanbot_ws/install/modbus_driver' for CMake module files
[1.668s] DEBUG:colcon.colcon_core.event_handler.log_command:Invoked command in '/home/desu/fudanbot_ws/src/modbus_driver' returned '0': PS1=(turtlebot_env) \[\e]0;\u@\h: \w\a\]${debian_chroot:+($debian_chroot)}\[\033[01;32m\]\u@\h\[\033[00m\]:\[\033[01;34m\]\w\[\033[00m\]\$ PYTHONPATH=/home/desu/fudanbot_ws/build/modbus_driver/prefix_override:/usr/lib/python3/dist-packages/colcon_core/task/python/colcon_distutils_commands:/home/desu/fudanbot_ws/install/modbus_driver/lib/python3.10/site-packages:${PYTHONPATH} VIRTUAL_ENV_PROMPT=(turtlebot_env) /usr/bin/python3 -W ignore:setup.py install is deprecated -W ignore:easy_install command is deprecated setup.py egg_info --egg-base ../../build/modbus_driver build --build-base /home/desu/fudanbot_ws/build/modbus_driver/build install --record /home/desu/fudanbot_ws/build/modbus_driver/install.log --single-version-externally-managed install_data
[1.668s] Level 1:colcon.colcon_core.environment:checking '/home/desu/fudanbot_ws/install/modbus_driver' for CMake config files
[1.669s] Level 1:colcon.colcon_core.environment:checking '/home/desu/fudanbot_ws/install/modbus_driver/lib'
[1.669s] Level 1:colcon.colcon_core.environment:checking '/home/desu/fudanbot_ws/install/modbus_driver/bin'
[1.669s] Level 1:colcon.colcon_core.environment:checking '/home/desu/fudanbot_ws/install/modbus_driver/lib/pkgconfig/modbus_driver.pc'
[1.669s] Level 1:colcon.colcon_core.environment:checking '/home/desu/fudanbot_ws/install/modbus_driver/lib/python3.10/site-packages'
[1.669s] Level 1:colcon.colcon_core.shell:create_environment_hook('modbus_driver', 'pythonpath')
[1.670s] INFO:colcon.colcon_core.shell:Creating environment hook '/home/desu/fudanbot_ws/install/modbus_driver/share/modbus_driver/hook/pythonpath.ps1'
[1.670s] INFO:colcon.colcon_core.shell:Creating environment descriptor '/home/desu/fudanbot_ws/install/modbus_driver/share/modbus_driver/hook/pythonpath.dsv'
[1.671s] INFO:colcon.colcon_core.shell:Creating environment hook '/home/desu/fudanbot_ws/install/modbus_driver/share/modbus_driver/hook/pythonpath.sh'
[1.671s] Level 1:colcon.colcon_core.environment:checking '/home/desu/fudanbot_ws/install/modbus_driver/bin'
[1.671s] Level 1:colcon.colcon_core.environment:create_environment_scripts_only(modbus_driver)
[1.671s] INFO:colcon.colcon_core.shell:Creating package script '/home/desu/fudanbot_ws/install/modbus_driver/share/modbus_driver/package.ps1'
[1.672s] INFO:colcon.colcon_core.shell:Creating package descriptor '/home/desu/fudanbot_ws/install/modbus_driver/share/modbus_driver/package.dsv'
[1.672s] INFO:colcon.colcon_core.shell:Creating package script '/home/desu/fudanbot_ws/install/modbus_driver/share/modbus_driver/package.sh'
[1.673s] INFO:colcon.colcon_core.shell:Creating package script '/home/desu/fudanbot_ws/install/modbus_driver/share/modbus_driver/package.bash'
[1.673s] INFO:colcon.colcon_core.shell:Creating package script '/home/desu/fudanbot_ws/install/modbus_driver/share/modbus_driver/package.zsh'
[1.674s] Level 1:colcon.colcon_core.environment:create_file_with_runtime_dependencies(/home/desu/fudanbot_ws/install/modbus_driver/share/colcon-core/packages/modbus_driver)
[1.674s] Level 1:colcon.colcon_core.environment:checking '/home/desu/fudanbot_ws/install/motor_driver' for CMake module files
[1.675s] Level 1:colcon.colcon_core.environment:checking '/home/desu/fudanbot_ws/install/motor_driver' for CMake config files
[1.675s] DEBUG:colcon.colcon_core.event_handler.log_command:Invoked command in '/home/desu/fudanbot_ws/src/motor_driver' returned '0': PS1=(turtlebot_env) \[\e]0;\u@\h: \w\a\]${debian_chroot:+($debian_chroot)}\[\033[01;32m\]\u@\h\[\033[00m\]:\[\033[01;34m\]\w\[\033[00m\]\$ PYTHONPATH=/home/desu/fudanbot_ws/build/motor_driver/prefix_override:/usr/lib/python3/dist-packages/colcon_core/task/python/colcon_distutils_commands:/home/desu/fudanbot_ws/install/motor_driver/lib/python3.10/site-packages:${PYTHONPATH} VIRTUAL_ENV_PROMPT=(turtlebot_env) /usr/bin/python3 -W ignore:setup.py install is deprecated -W ignore:easy_install command is deprecated setup.py egg_info --egg-base ../../build/motor_driver build --build-base /home/desu/fudanbot_ws/build/motor_driver/build install --record /home/desu/fudanbot_ws/build/motor_driver/install.log --single-version-externally-managed install_data
[1.676s] Level 1:colcon.colcon_core.environment:checking '/home/desu/fudanbot_ws/install/motor_driver/lib'
[1.676s] Level 1:colcon.colcon_core.environment:checking '/home/desu/fudanbot_ws/install/motor_driver/bin'
[1.676s] Level 1:colcon.colcon_core.environment:checking '/home/desu/fudanbot_ws/install/motor_driver/lib/pkgconfig/motor_driver.pc'
[1.676s] Level 1:colcon.colcon_core.environment:checking '/home/desu/fudanbot_ws/install/motor_driver/lib/python3.10/site-packages'
[1.676s] Level 1:colcon.colcon_core.shell:create_environment_hook('motor_driver', 'pythonpath')
[1.677s] INFO:colcon.colcon_core.shell:Creating environment hook '/home/desu/fudanbot_ws/install/motor_driver/share/motor_driver/hook/pythonpath.ps1'
[1.677s] INFO:colcon.colcon_core.shell:Creating environment descriptor '/home/desu/fudanbot_ws/install/motor_driver/share/motor_driver/hook/pythonpath.dsv'
[1.677s] INFO:colcon.colcon_core.shell:Creating environment hook '/home/desu/fudanbot_ws/install/motor_driver/share/motor_driver/hook/pythonpath.sh'
[1.678s] Level 1:colcon.colcon_core.environment:checking '/home/desu/fudanbot_ws/install/motor_driver/bin'
[1.678s] Level 1:colcon.colcon_core.environment:create_environment_scripts_only(motor_driver)
[1.678s] INFO:colcon.colcon_core.shell:Creating package script '/home/desu/fudanbot_ws/install/motor_driver/share/motor_driver/package.ps1'
[1.679s] INFO:colcon.colcon_core.shell:Creating package descriptor '/home/desu/fudanbot_ws/install/motor_driver/share/motor_driver/package.dsv'
[1.679s] INFO:colcon.colcon_core.shell:Creating package script '/home/desu/fudanbot_ws/install/motor_driver/share/motor_driver/package.sh'
[1.679s] INFO:colcon.colcon_core.shell:Creating package script '/home/desu/fudanbot_ws/install/motor_driver/share/motor_driver/package.bash'
[1.680s] INFO:colcon.colcon_core.shell:Creating package script '/home/desu/fudanbot_ws/install/motor_driver/share/motor_driver/package.zsh'
[1.680s] Level 1:colcon.colcon_core.environment:create_file_with_runtime_dependencies(/home/desu/fudanbot_ws/install/motor_driver/share/colcon-core/packages/motor_driver)
[1.680s] DEBUG:colcon.colcon_parallel_executor.executor.parallel:closing loop
[1.681s] DEBUG:colcon.colcon_parallel_executor.executor.parallel:loop closed
[1.681s] DEBUG:colcon.colcon_parallel_executor.executor.parallel:run_until_complete finished with '0'
[1.681s] DEBUG:colcon.colcon_core.event_reactor:joining thread
[1.687s] INFO:colcon.colcon_core.plugin_system:Skipping extension 'colcon_notification.desktop_notification.terminal_notifier': Not used on non-Darwin systems
[1.687s] INFO:colcon.colcon_core.plugin_system:Skipping extension 'colcon_notification.desktop_notification.win32': Not used on non-Windows systems
[1.687s] INFO:colcon.colcon_notification.desktop_notification:Sending desktop notification using 'notify2'
[1.703s] DEBUG:colcon.colcon_core.event_reactor:joined thread
[1.704s] INFO:colcon.colcon_core.shell:Creating prefix script '/home/desu/fudanbot_ws/install/local_setup.ps1'
[1.705s] INFO:colcon.colcon_core.shell:Creating prefix util module '/home/desu/fudanbot_ws/install/_local_setup_util_ps1.py'
[1.707s] INFO:colcon.colcon_core.shell:Creating prefix chain script '/home/desu/fudanbot_ws/install/setup.ps1'
[1.708s] INFO:colcon.colcon_core.shell:Creating prefix script '/home/desu/fudanbot_ws/install/local_setup.sh'
[1.709s] INFO:colcon.colcon_core.shell:Creating prefix util module '/home/desu/fudanbot_ws/install/_local_setup_util_sh.py'
[1.710s] INFO:colcon.colcon_core.shell:Creating prefix chain script '/home/desu/fudanbot_ws/install/setup.sh'
[1.711s] INFO:colcon.colcon_core.shell:Creating prefix script '/home/desu/fudanbot_ws/install/local_setup.bash'
[1.711s] INFO:colcon.colcon_core.shell:Creating prefix chain script '/home/desu/fudanbot_ws/install/setup.bash'
[1.712s] INFO:colcon.colcon_core.shell:Creating prefix script '/home/desu/fudanbot_ws/install/local_setup.zsh'
[1.713s] INFO:colcon.colcon_core.shell:Creating prefix chain script '/home/desu/fudanbot_ws/install/setup.zsh'
