[0.934s] Invoking command in '/home/desu/fudanbot_ws/src/motor_driver': PS1=(turtlebot_env) \[\e]0;\u@\h: \w\a\]${debian_chroot:+($debian_chroot)}\[\033[01;32m\]\u@\h\[\033[00m\]:\[\033[01;34m\]\w\[\033[00m\]\$ PYTHONPATH=/home/desu/fudanbot_ws/build/motor_driver/prefix_override:/usr/lib/python3/dist-packages/colcon_core/task/python/colcon_distutils_commands:/home/desu/fudanbot_ws/install/motor_driver/lib/python3.10/site-packages:${PYTHONPATH} VIRTUAL_ENV_PROMPT=(turtlebot_env) /usr/bin/python3 -W ignore:setup.py install is deprecated -W ignore:easy_install command is deprecated setup.py egg_info --egg-base ../../build/motor_driver build --build-base /home/desu/fudanbot_ws/build/motor_driver/build install --record /home/desu/fudanbot_ws/build/motor_driver/install.log --single-version-externally-managed install_data
[1.173s] running egg_info
[1.174s] writing ../../build/motor_driver/motor_driver.egg-info/PKG-INFO
[1.175s] writing dependency_links to ../../build/motor_driver/motor_driver.egg-info/dependency_links.txt
[1.175s] writing entry points to ../../build/motor_driver/motor_driver.egg-info/entry_points.txt
[1.175s] writing requirements to ../../build/motor_driver/motor_driver.egg-info/requires.txt
[1.175s] writing top-level names to ../../build/motor_driver/motor_driver.egg-info/top_level.txt
[1.176s] reading manifest file '../../build/motor_driver/motor_driver.egg-info/SOURCES.txt'
[1.177s] writing manifest file '../../build/motor_driver/motor_driver.egg-info/SOURCES.txt'
[1.177s] running build
[1.177s] running build_py
[1.177s] running install
[1.178s] running install_lib
[1.178s] running install_data
[1.179s] running install_egg_info
[1.180s] removing '/home/desu/fudanbot_ws/install/motor_driver/lib/python3.10/site-packages/motor_driver-0.0.0-py3.10.egg-info' (and everything under it)
[1.181s] Copying ../../build/motor_driver/motor_driver.egg-info to /home/desu/fudanbot_ws/install/motor_driver/lib/python3.10/site-packages/motor_driver-0.0.0-py3.10.egg-info
[1.182s] running install_scripts
[1.205s] Installing motor_driver script to /home/desu/fudanbot_ws/install/motor_driver/lib/motor_driver
[1.206s] writing list of installed files to '/home/desu/fudanbot_ws/build/motor_driver/install.log'
[1.259s] Invoked command in '/home/desu/fudanbot_ws/src/motor_driver' returned '0': PS1=(turtlebot_env) \[\e]0;\u@\h: \w\a\]${debian_chroot:+($debian_chroot)}\[\033[01;32m\]\u@\h\[\033[00m\]:\[\033[01;34m\]\w\[\033[00m\]\$ PYTHONPATH=/home/desu/fudanbot_ws/build/motor_driver/prefix_override:/usr/lib/python3/dist-packages/colcon_core/task/python/colcon_distutils_commands:/home/desu/fudanbot_ws/install/motor_driver/lib/python3.10/site-packages:${PYTHONPATH} VIRTUAL_ENV_PROMPT=(turtlebot_env) /usr/bin/python3 -W ignore:setup.py install is deprecated -W ignore:easy_install command is deprecated setup.py egg_info --egg-base ../../build/motor_driver build --build-base /home/desu/fudanbot_ws/build/motor_driver/build install --record /home/desu/fudanbot_ws/build/motor_driver/install.log --single-version-externally-managed install_data
