[0.011s] Invoking command in '/home/desu/fudanbot_ws/build/rplidar_ros': CMAKE_PREFIX_PATH=${CMAKE_PREFIX_PATH}:/home/desu/spms_ws/install/launch_testing_examples:/home/desu/spms_ws/install/fudensgayservices:/home/desu/spms_ws/install/fudanisgay:/home/desu/spms_ws/install/examples_rclpy_pointcloud_publisher:/home/desu/spms_ws/install/examples_rclpy_minimal_subscriber:/home/desu/spms_ws/install/examples_rclpy_minimal_service:/home/desu/spms_ws/install/examples_rclpy_minimal_publisher:/home/desu/spms_ws/install/examples_rclpy_minimal_client:/home/desu/spms_ws/install/examples_rclpy_minimal_action_server:/home/desu/spms_ws/install/examples_rclpy_minimal_action_client:/home/desu/spms_ws/install/examples_rclpy_guard_conditions:/home/desu/spms_ws/install/examples_rclpy_executors:/opt/ros/humble /usr/bin/cmake /home/desu/fudanbot_ws/src/rplidar_ros -DAMENT_CMAKE_SYMLINK_INSTALL=1 -DCMAKE_INSTALL_PREFIX=/home/desu/fudanbot_ws/install/rplidar_ros
[0.028s] -- Found ament_cmake: 1.3.11 (/opt/ros/humble/share/ament_cmake/cmake)
[0.142s] -- Override CMake install command with custom implementation using symlinks instead of copying resources
[0.149s] -- Found rclcpp: 16.0.11 (/opt/ros/humble/share/rclcpp/cmake)
[0.170s] -- Found rosidl_generator_c: 3.1.6 (/opt/ros/humble/share/rosidl_generator_c/cmake)
[0.171s] -- Found rosidl_adapter: 3.1.6 (/opt/ros/humble/share/rosidl_adapter/cmake)
[0.175s] -- Found rosidl_generator_cpp: 3.1.6 (/opt/ros/humble/share/rosidl_generator_cpp/cmake)
[0.183s] -- Using all available rosidl_typesupport_c: rosidl_typesupport_fastrtps_c;rosidl_typesupport_introspection_c
[0.192s] -- Using all available rosidl_typesupport_cpp: rosidl_typesupport_fastrtps_cpp;rosidl_typesupport_introspection_cpp
[0.216s] -- Found rmw_implementation_cmake: 6.1.2 (/opt/ros/humble/share/rmw_implementation_cmake/cmake)
[0.217s] -- Found rmw_fastrtps_cpp: 6.2.7 (/opt/ros/humble/share/rmw_fastrtps_cpp/cmake)
[0.314s] -- Using RMW implementation 'rmw_fastrtps_cpp' as default
[0.346s] -- Found sensor_msgs: 4.2.4 (/opt/ros/humble/share/sensor_msgs/cmake)
[0.364s] -- Found std_srvs: 4.2.4 (/opt/ros/humble/share/std_srvs/cmake)
[0.429s] -- Configuring done
[0.444s] -- Generating done
[0.449s] -- Build files have been written to: /home/desu/fudanbot_ws/build/rplidar_ros
[0.462s] Invoked command in '/home/desu/fudanbot_ws/build/rplidar_ros' returned '0': CMAKE_PREFIX_PATH=${CMAKE_PREFIX_PATH}:/home/desu/spms_ws/install/launch_testing_examples:/home/desu/spms_ws/install/fudensgayservices:/home/desu/spms_ws/install/fudanisgay:/home/desu/spms_ws/install/examples_rclpy_pointcloud_publisher:/home/desu/spms_ws/install/examples_rclpy_minimal_subscriber:/home/desu/spms_ws/install/examples_rclpy_minimal_service:/home/desu/spms_ws/install/examples_rclpy_minimal_publisher:/home/desu/spms_ws/install/examples_rclpy_minimal_client:/home/desu/spms_ws/install/examples_rclpy_minimal_action_server:/home/desu/spms_ws/install/examples_rclpy_minimal_action_client:/home/desu/spms_ws/install/examples_rclpy_guard_conditions:/home/desu/spms_ws/install/examples_rclpy_executors:/opt/ros/humble /usr/bin/cmake /home/desu/fudanbot_ws/src/rplidar_ros -DAMENT_CMAKE_SYMLINK_INSTALL=1 -DCMAKE_INSTALL_PREFIX=/home/desu/fudanbot_ws/install/rplidar_ros
[0.465s] Invoking command in '/home/desu/fudanbot_ws/build/rplidar_ros': CMAKE_PREFIX_PATH=${CMAKE_PREFIX_PATH}:/home/desu/spms_ws/install/launch_testing_examples:/home/desu/spms_ws/install/fudensgayservices:/home/desu/spms_ws/install/fudanisgay:/home/desu/spms_ws/install/examples_rclpy_pointcloud_publisher:/home/desu/spms_ws/install/examples_rclpy_minimal_subscriber:/home/desu/spms_ws/install/examples_rclpy_minimal_service:/home/desu/spms_ws/install/examples_rclpy_minimal_publisher:/home/desu/spms_ws/install/examples_rclpy_minimal_client:/home/desu/spms_ws/install/examples_rclpy_minimal_action_server:/home/desu/spms_ws/install/examples_rclpy_minimal_action_client:/home/desu/spms_ws/install/examples_rclpy_guard_conditions:/home/desu/spms_ws/install/examples_rclpy_executors:/opt/ros/humble /usr/bin/cmake --build /home/desu/fudanbot_ws/build/rplidar_ros -- -j16 -l16
[0.509s] [35m[1mConsolidate compiler generated dependencies of target rplidar_client[0m
[0.511s] [35m[1mConsolidate compiler generated dependencies of target rplidar_composition[0m
[0.511s] [35m[1mConsolidate compiler generated dependencies of target rplidar_node[0m
[0.530s] [  2%] [32m[1mLinking CXX executable rplidar_client[0m
[0.540s] [  7%] [32m[1mLinking CXX executable rplidar_node[0m
[0.540s] [  7%] [32m[1mLinking CXX executable rplidar_composition[0m
[0.850s] [ 52%] Built target rplidar_node
[0.876s] [ 97%] Built target rplidar_composition
[0.938s] [100%] Built target rplidar_client
[0.953s] Invoked command in '/home/desu/fudanbot_ws/build/rplidar_ros' returned '0': CMAKE_PREFIX_PATH=${CMAKE_PREFIX_PATH}:/home/desu/spms_ws/install/launch_testing_examples:/home/desu/spms_ws/install/fudensgayservices:/home/desu/spms_ws/install/fudanisgay:/home/desu/spms_ws/install/examples_rclpy_pointcloud_publisher:/home/desu/spms_ws/install/examples_rclpy_minimal_subscriber:/home/desu/spms_ws/install/examples_rclpy_minimal_service:/home/desu/spms_ws/install/examples_rclpy_minimal_publisher:/home/desu/spms_ws/install/examples_rclpy_minimal_client:/home/desu/spms_ws/install/examples_rclpy_minimal_action_server:/home/desu/spms_ws/install/examples_rclpy_minimal_action_client:/home/desu/spms_ws/install/examples_rclpy_guard_conditions:/home/desu/spms_ws/install/examples_rclpy_executors:/opt/ros/humble /usr/bin/cmake --build /home/desu/fudanbot_ws/build/rplidar_ros -- -j16 -l16
[0.965s] Invoking command in '/home/desu/fudanbot_ws/build/rplidar_ros': CMAKE_PREFIX_PATH=${CMAKE_PREFIX_PATH}:/home/desu/spms_ws/install/launch_testing_examples:/home/desu/spms_ws/install/fudensgayservices:/home/desu/spms_ws/install/fudanisgay:/home/desu/spms_ws/install/examples_rclpy_pointcloud_publisher:/home/desu/spms_ws/install/examples_rclpy_minimal_subscriber:/home/desu/spms_ws/install/examples_rclpy_minimal_service:/home/desu/spms_ws/install/examples_rclpy_minimal_publisher:/home/desu/spms_ws/install/examples_rclpy_minimal_client:/home/desu/spms_ws/install/examples_rclpy_minimal_action_server:/home/desu/spms_ws/install/examples_rclpy_minimal_action_client:/home/desu/spms_ws/install/examples_rclpy_guard_conditions:/home/desu/spms_ws/install/examples_rclpy_executors:/opt/ros/humble /usr/bin/cmake --install /home/desu/fudanbot_ws/build/rplidar_ros
[0.971s] -- Install configuration: ""
[0.972s] -- Execute custom install script
[0.972s] -- Symlinking: /home/desu/fudanbot_ws/install/rplidar_ros/share/rplidar_ros/launch/rplidar_a1_launch.py
[0.981s] -- Symlinking: /home/desu/fudanbot_ws/install/rplidar_ros/share/rplidar_ros/launch/rplidar_a2m12_launch.py
[0.989s] -- Symlinking: /home/desu/fudanbot_ws/install/rplidar_ros/share/rplidar_ros/launch/rplidar_a2m7_launch.py
[0.998s] -- Symlinking: /home/desu/fudanbot_ws/install/rplidar_ros/share/rplidar_ros/launch/rplidar_a2m8_launch.py
[1.006s] -- Symlinking: /home/desu/fudanbot_ws/install/rplidar_ros/share/rplidar_ros/launch/rplidar_a3_launch.py
[1.014s] -- Symlinking: /home/desu/fudanbot_ws/install/rplidar_ros/share/rplidar_ros/launch/rplidar_c1_launch.py
[1.023s] -- Symlinking: /home/desu/fudanbot_ws/install/rplidar_ros/share/rplidar_ros/launch/rplidar_s1_launch.py
[1.033s] -- Symlinking: /home/desu/fudanbot_ws/install/rplidar_ros/share/rplidar_ros/launch/rplidar_s1_tcp_launch.py
[1.042s] -- Symlinking: /home/desu/fudanbot_ws/install/rplidar_ros/share/rplidar_ros/launch/rplidar_s2_launch.py
[1.053s] -- Symlinking: /home/desu/fudanbot_ws/install/rplidar_ros/share/rplidar_ros/launch/rplidar_s2e_launch.py
[1.062s] -- Symlinking: /home/desu/fudanbot_ws/install/rplidar_ros/share/rplidar_ros/launch/rplidar_s3_launch.py
[1.071s] -- Symlinking: /home/desu/fudanbot_ws/install/rplidar_ros/share/rplidar_ros/launch/rplidar_t1_launch.py
[1.079s] -- Symlinking: /home/desu/fudanbot_ws/install/rplidar_ros/share/rplidar_ros/launch/view_rplidar_a1_launch.py
[1.088s] -- Symlinking: /home/desu/fudanbot_ws/install/rplidar_ros/share/rplidar_ros/launch/view_rplidar_a2m12_launch.py
[1.096s] -- Symlinking: /home/desu/fudanbot_ws/install/rplidar_ros/share/rplidar_ros/launch/view_rplidar_a2m7_launch.py
[1.105s] -- Symlinking: /home/desu/fudanbot_ws/install/rplidar_ros/share/rplidar_ros/launch/view_rplidar_a2m8_launch.py
[1.113s] -- Symlinking: /home/desu/fudanbot_ws/install/rplidar_ros/share/rplidar_ros/launch/view_rplidar_a3_launch.py
[1.122s] -- Symlinking: /home/desu/fudanbot_ws/install/rplidar_ros/share/rplidar_ros/launch/view_rplidar_c1_launch.py
[1.131s] -- Symlinking: /home/desu/fudanbot_ws/install/rplidar_ros/share/rplidar_ros/launch/view_rplidar_s1_launch.py
[1.143s] -- Symlinking: /home/desu/fudanbot_ws/install/rplidar_ros/share/rplidar_ros/launch/view_rplidar_s1_tcp_launch.py
[1.152s] -- Symlinking: /home/desu/fudanbot_ws/install/rplidar_ros/share/rplidar_ros/launch/view_rplidar_s2_launch.py
[1.161s] -- Symlinking: /home/desu/fudanbot_ws/install/rplidar_ros/share/rplidar_ros/launch/view_rplidar_s2e_launch.py
[1.170s] -- Symlinking: /home/desu/fudanbot_ws/install/rplidar_ros/share/rplidar_ros/launch/view_rplidar_s3_launch.py
[1.177s] -- Symlinking: /home/desu/fudanbot_ws/install/rplidar_ros/share/rplidar_ros/launch/view_rplidar_t1_launch.py
[1.186s] -- Symlinking: /home/desu/fudanbot_ws/install/rplidar_ros/share/rplidar_ros/rviz/rplidar_ros.rviz
[1.194s] -- Symlinking: /home/desu/fudanbot_ws/install/rplidar_ros/lib/rplidar_ros/rplidar_node
[1.204s] -- Symlinking: /home/desu/fudanbot_ws/install/rplidar_ros/lib/rplidar_ros/rplidar_composition
[1.213s] -- Symlinking: /home/desu/fudanbot_ws/install/rplidar_ros/lib/rplidar_ros/rplidar_client
[1.223s] -- Symlinking: /home/desu/fudanbot_ws/install/rplidar_ros/share/ament_index/resource_index/package_run_dependencies/rplidar_ros
[1.234s] -- Symlinking: /home/desu/fudanbot_ws/install/rplidar_ros/share/ament_index/resource_index/parent_prefix_path/rplidar_ros
[1.245s] -- Symlinking: /home/desu/fudanbot_ws/install/rplidar_ros/share/rplidar_ros/environment/ament_prefix_path.sh
[1.254s] -- Symlinking: /home/desu/fudanbot_ws/install/rplidar_ros/share/rplidar_ros/environment/ament_prefix_path.dsv
[1.263s] -- Symlinking: /home/desu/fudanbot_ws/install/rplidar_ros/share/rplidar_ros/environment/path.sh
[1.273s] -- Symlinking: /home/desu/fudanbot_ws/install/rplidar_ros/share/rplidar_ros/environment/path.dsv
[1.281s] -- Symlinking: /home/desu/fudanbot_ws/install/rplidar_ros/share/rplidar_ros/local_setup.bash
[1.289s] -- Symlinking: /home/desu/fudanbot_ws/install/rplidar_ros/share/rplidar_ros/local_setup.sh
[1.298s] -- Symlinking: /home/desu/fudanbot_ws/install/rplidar_ros/share/rplidar_ros/local_setup.zsh
[1.307s] -- Symlinking: /home/desu/fudanbot_ws/install/rplidar_ros/share/rplidar_ros/local_setup.dsv
[1.317s] -- Symlinking: /home/desu/fudanbot_ws/install/rplidar_ros/share/rplidar_ros/package.dsv
[1.328s] -- Symlinking: /home/desu/fudanbot_ws/install/rplidar_ros/share/ament_index/resource_index/packages/rplidar_ros
[1.340s] -- Symlinking: /home/desu/fudanbot_ws/install/rplidar_ros/share/rplidar_ros/cmake/ament_cmake_export_dependencies-extras.cmake
[1.350s] -- Symlinking: /home/desu/fudanbot_ws/install/rplidar_ros/share/rplidar_ros/cmake/ament_cmake_export_include_directories-extras.cmake
[1.360s] -- Symlinking: /home/desu/fudanbot_ws/install/rplidar_ros/share/rplidar_ros/cmake/rplidar_rosConfig.cmake
[1.369s] -- Symlinking: /home/desu/fudanbot_ws/install/rplidar_ros/share/rplidar_ros/cmake/rplidar_rosConfig-version.cmake
[1.377s] -- Symlinking: /home/desu/fudanbot_ws/install/rplidar_ros/share/rplidar_ros/package.xml
[1.390s] Invoked command in '/home/desu/fudanbot_ws/build/rplidar_ros' returned '0': CMAKE_PREFIX_PATH=${CMAKE_PREFIX_PATH}:/home/desu/spms_ws/install/launch_testing_examples:/home/desu/spms_ws/install/fudensgayservices:/home/desu/spms_ws/install/fudanisgay:/home/desu/spms_ws/install/examples_rclpy_pointcloud_publisher:/home/desu/spms_ws/install/examples_rclpy_minimal_subscriber:/home/desu/spms_ws/install/examples_rclpy_minimal_service:/home/desu/spms_ws/install/examples_rclpy_minimal_publisher:/home/desu/spms_ws/install/examples_rclpy_minimal_client:/home/desu/spms_ws/install/examples_rclpy_minimal_action_server:/home/desu/spms_ws/install/examples_rclpy_minimal_action_client:/home/desu/spms_ws/install/examples_rclpy_guard_conditions:/home/desu/spms_ws/install/examples_rclpy_executors:/opt/ros/humble /usr/bin/cmake --install /home/desu/fudanbot_ws/build/rplidar_ros
