[0.648s] Invoking command in '/home/desu/fudanbot_ws/src/motor_driver': PS1=(turtlebot_env) \[\e]0;\u@\h: \w\a\]${debian_chroot:+($debian_chroot)}\[\033[01;32m\]\u@\h\[\033[00m\]:\[\033[01;34m\]\w\[\033[00m\]\$ PYTHONPATH=/home/desu/fudanbot_ws/build/motor_driver/prefix_override:/usr/lib/python3/dist-packages/colcon_core/task/python/colcon_distutils_commands:/home/desu/fudanbot_ws/install/motor_driver/lib/python3.10/site-packages:${PYTHONPATH} VIRTUAL_ENV_PROMPT=(turtlebot_env) /usr/bin/python3 -W ignore:setup.py install is deprecated -W ignore:easy_install command is deprecated setup.py egg_info --egg-base ../../build/motor_driver build --build-base /home/desu/fudanbot_ws/build/motor_driver/build install --record /home/desu/fudanbot_ws/build/motor_driver/install.log --single-version-externally-managed install_data
[0.900s] running egg_info
[0.900s] writing ../../build/motor_driver/motor_driver.egg-info/PKG-INFO
[0.901s] writing dependency_links to ../../build/motor_driver/motor_driver.egg-info/dependency_links.txt
[0.901s] writing entry points to ../../build/motor_driver/motor_driver.egg-info/entry_points.txt
[0.901s] writing requirements to ../../build/motor_driver/motor_driver.egg-info/requires.txt
[0.901s] writing top-level names to ../../build/motor_driver/motor_driver.egg-info/top_level.txt
[0.903s] reading manifest file '../../build/motor_driver/motor_driver.egg-info/SOURCES.txt'
[0.904s] writing manifest file '../../build/motor_driver/motor_driver.egg-info/SOURCES.txt'
[0.904s] running build
[0.905s] running build_py
[0.905s] copying motor_driver/motor_driver.py -> /home/desu/fudanbot_ws/build/motor_driver/build/lib/motor_driver
[0.905s] running install
[0.905s] running install_lib
[0.906s] copying /home/desu/fudanbot_ws/build/motor_driver/build/lib/motor_driver/motor_driver.py -> /home/desu/fudanbot_ws/install/motor_driver/lib/python3.10/site-packages/motor_driver
[0.906s] byte-compiling /home/desu/fudanbot_ws/install/motor_driver/lib/python3.10/site-packages/motor_driver/motor_driver.py to motor_driver.cpython-310.pyc
[0.907s] running install_data
[0.907s]   File "/home/desu/fudanbot_ws/install/motor_driver/lib/python3.10/site-packages/motor_driver/motor_driver.py", line 35
[0.907s]     self.get_logger().info('linearVel: "%s"' self.linearVel)
[0.907s]                            ^^^^^^^^^^^^^^^^^^^^^^^^^^^^^^^^
[0.907s] SyntaxError: invalid syntax. Perhaps you forgot a comma?
[0.907s] 
[0.907s] running install_egg_info
[0.909s] removing '/home/desu/fudanbot_ws/install/motor_driver/lib/python3.10/site-packages/motor_driver-0.0.0-py3.10.egg-info' (and everything under it)
[0.909s] Copying ../../build/motor_driver/motor_driver.egg-info to /home/desu/fudanbot_ws/install/motor_driver/lib/python3.10/site-packages/motor_driver-0.0.0-py3.10.egg-info
[0.910s] running install_scripts
[0.931s] Installing motor_driver script to /home/desu/fudanbot_ws/install/motor_driver/lib/motor_driver
[0.932s] writing list of installed files to '/home/desu/fudanbot_ws/build/motor_driver/install.log'
[0.961s] Invoked command in '/home/desu/fudanbot_ws/src/motor_driver' returned '0': PS1=(turtlebot_env) \[\e]0;\u@\h: \w\a\]${debian_chroot:+($debian_chroot)}\[\033[01;32m\]\u@\h\[\033[00m\]:\[\033[01;34m\]\w\[\033[00m\]\$ PYTHONPATH=/home/desu/fudanbot_ws/build/motor_driver/prefix_override:/usr/lib/python3/dist-packages/colcon_core/task/python/colcon_distutils_commands:/home/desu/fudanbot_ws/install/motor_driver/lib/python3.10/site-packages:${PYTHONPATH} VIRTUAL_ENV_PROMPT=(turtlebot_env) /usr/bin/python3 -W ignore:setup.py install is deprecated -W ignore:easy_install command is deprecated setup.py egg_info --egg-base ../../build/motor_driver build --build-base /home/desu/fudanbot_ws/build/motor_driver/build install --record /home/desu/fudanbot_ws/build/motor_driver/install.log --single-version-externally-managed install_data
