[0.265s] Invoking command in '/home/desu/fudanbot_ws/build/rplidar_ros': CMAKE_PREFIX_PATH=${CMAKE_PREFIX_PATH}:/home/desu/fudanbot_ws/install/modbus_driver:/opt/ros/humble /usr/bin/cmake /home/desu/fudanbot_ws/src/rplidar_ros -DAMENT_CMAKE_SYMLINK_INSTALL=1 -DCMAKE_INSTALL_PREFIX=/home/desu/fudanbot_ws/install/rplidar_ros
[0.277s] -- Found ament_cmake: 1.3.11 (/opt/ros/humble/share/ament_cmake/cmake)
[0.380s] -- Override CMake install command with custom implementation using symlinks instead of copying resources
[0.386s] -- Found rclcpp: 16.0.11 (/opt/ros/humble/share/rclcpp/cmake)
[0.408s] -- Found rosidl_generator_c: 3.1.6 (/opt/ros/humble/share/rosidl_generator_c/cmake)
[0.409s] -- Found rosidl_adapter: 3.1.6 (/opt/ros/humble/share/rosidl_adapter/cmake)
[0.414s] -- Found rosidl_generator_cpp: 3.1.6 (/opt/ros/humble/share/rosidl_generator_cpp/cmake)
[0.421s] -- Using all available rosidl_typesupport_c: rosidl_typesupport_fastrtps_c;rosidl_typesupport_introspection_c
[0.431s] -- Using all available rosidl_typesupport_cpp: rosidl_typesupport_fastrtps_cpp;rosidl_typesupport_introspection_cpp
[0.456s] -- Found rmw_implementation_cmake: 6.1.2 (/opt/ros/humble/share/rmw_implementation_cmake/cmake)
[0.456s] -- Found rmw_fastrtps_cpp: 6.2.7 (/opt/ros/humble/share/rmw_fastrtps_cpp/cmake)
[0.549s] -- Using RMW implementation 'rmw_fastrtps_cpp' as default
[0.586s] -- Found sensor_msgs: 4.2.4 (/opt/ros/humble/share/sensor_msgs/cmake)
[0.607s] -- Found std_srvs: 4.2.4 (/opt/ros/humble/share/std_srvs/cmake)
[0.677s] -- Configuring done
[0.694s] -- Generating done
[0.700s] -- Build files have been written to: /home/desu/fudanbot_ws/build/rplidar_ros
[0.711s] Invoked command in '/home/desu/fudanbot_ws/build/rplidar_ros' returned '0': CMAKE_PREFIX_PATH=${CMAKE_PREFIX_PATH}:/home/desu/fudanbot_ws/install/modbus_driver:/opt/ros/humble /usr/bin/cmake /home/desu/fudanbot_ws/src/rplidar_ros -DAMENT_CMAKE_SYMLINK_INSTALL=1 -DCMAKE_INSTALL_PREFIX=/home/desu/fudanbot_ws/install/rplidar_ros
[0.713s] Invoking command in '/home/desu/fudanbot_ws/build/rplidar_ros': CMAKE_PREFIX_PATH=${CMAKE_PREFIX_PATH}:/home/desu/fudanbot_ws/install/modbus_driver:/opt/ros/humble /usr/bin/cmake --build /home/desu/fudanbot_ws/build/rplidar_ros -- -j16 -l16
[0.762s] [35m[1mConsolidate compiler generated dependencies of target rplidar_client[0m
[0.766s] [35m[1mConsolidate compiler generated dependencies of target rplidar_node[0m
[0.766s] [35m[1mConsolidate compiler generated dependencies of target rplidar_composition[0m
[0.784s] [  5%] Built target rplidar_client
[0.795s] [ 97%] Built target rplidar_composition
[0.795s] [100%] Built target rplidar_node
[0.809s] Invoked command in '/home/desu/fudanbot_ws/build/rplidar_ros' returned '0': CMAKE_PREFIX_PATH=${CMAKE_PREFIX_PATH}:/home/desu/fudanbot_ws/install/modbus_driver:/opt/ros/humble /usr/bin/cmake --build /home/desu/fudanbot_ws/build/rplidar_ros -- -j16 -l16
[0.821s] Invoking command in '/home/desu/fudanbot_ws/build/rplidar_ros': CMAKE_PREFIX_PATH=${CMAKE_PREFIX_PATH}:/home/desu/fudanbot_ws/install/modbus_driver:/opt/ros/humble /usr/bin/cmake --install /home/desu/fudanbot_ws/build/rplidar_ros
[0.829s] -- Install configuration: ""
[0.829s] -- Execute custom install script
[0.830s] -- Up-to-date symlink: /home/desu/fudanbot_ws/install/rplidar_ros/share/rplidar_ros/launch/__pycache__/rplidar_a2m8_launch.cpython-310.pyc
[0.830s] -- Up-to-date symlink: /home/desu/fudanbot_ws/install/rplidar_ros/share/rplidar_ros/launch/rplidar_a1_launch.py
[0.830s] -- Up-to-date symlink: /home/desu/fudanbot_ws/install/rplidar_ros/share/rplidar_ros/launch/rplidar_a2m12_launch.py
[0.830s] -- Up-to-date symlink: /home/desu/fudanbot_ws/install/rplidar_ros/share/rplidar_ros/launch/rplidar_a2m7_launch.py
[0.830s] -- Up-to-date symlink: /home/desu/fudanbot_ws/install/rplidar_ros/share/rplidar_ros/launch/rplidar_a2m8_launch.py
[0.830s] -- Up-to-date symlink: /home/desu/fudanbot_ws/install/rplidar_ros/share/rplidar_ros/launch/rplidar_a3_launch.py
[0.830s] -- Up-to-date symlink: /home/desu/fudanbot_ws/install/rplidar_ros/share/rplidar_ros/launch/rplidar_c1_launch.py
[0.831s] -- Up-to-date symlink: /home/desu/fudanbot_ws/install/rplidar_ros/share/rplidar_ros/launch/rplidar_s1_launch.py
[0.831s] -- Up-to-date symlink: /home/desu/fudanbot_ws/install/rplidar_ros/share/rplidar_ros/launch/rplidar_s1_tcp_launch.py
[0.831s] -- Up-to-date symlink: /home/desu/fudanbot_ws/install/rplidar_ros/share/rplidar_ros/launch/rplidar_s2_launch.py
[0.831s] -- Up-to-date symlink: /home/desu/fudanbot_ws/install/rplidar_ros/share/rplidar_ros/launch/rplidar_s2e_launch.py
[0.831s] -- Up-to-date symlink: /home/desu/fudanbot_ws/install/rplidar_ros/share/rplidar_ros/launch/rplidar_s3_launch.py
[0.831s] -- Up-to-date symlink: /home/desu/fudanbot_ws/install/rplidar_ros/share/rplidar_ros/launch/rplidar_t1_launch.py
[0.831s] -- Up-to-date symlink: /home/desu/fudanbot_ws/install/rplidar_ros/share/rplidar_ros/launch/view_rplidar_a1_launch.py
[0.831s] -- Up-to-date symlink: /home/desu/fudanbot_ws/install/rplidar_ros/share/rplidar_ros/launch/view_rplidar_a2m12_launch.py
[0.831s] -- Up-to-date symlink: /home/desu/fudanbot_ws/install/rplidar_ros/share/rplidar_ros/launch/view_rplidar_a2m7_launch.py
[0.831s] -- Up-to-date symlink: /home/desu/fudanbot_ws/install/rplidar_ros/share/rplidar_ros/launch/view_rplidar_a2m8_launch.py
[0.831s] -- Up-to-date symlink: /home/desu/fudanbot_ws/install/rplidar_ros/share/rplidar_ros/launch/view_rplidar_a3_launch.py
[0.831s] -- Up-to-date symlink: /home/desu/fudanbot_ws/install/rplidar_ros/share/rplidar_ros/launch/view_rplidar_c1_launch.py
[0.831s] -- Up-to-date symlink: /home/desu/fudanbot_ws/install/rplidar_ros/share/rplidar_ros/launch/view_rplidar_s1_launch.py
[0.831s] -- Up-to-date symlink: /home/desu/fudanbot_ws/install/rplidar_ros/share/rplidar_ros/launch/view_rplidar_s1_tcp_launch.py
[0.831s] -- Up-to-date symlink: /home/desu/fudanbot_ws/install/rplidar_ros/share/rplidar_ros/launch/view_rplidar_s2_launch.py
[0.831s] -- Up-to-date symlink: /home/desu/fudanbot_ws/install/rplidar_ros/share/rplidar_ros/launch/view_rplidar_s2e_launch.py
[0.832s] -- Up-to-date symlink: /home/desu/fudanbot_ws/install/rplidar_ros/share/rplidar_ros/launch/view_rplidar_s3_launch.py
[0.832s] -- Up-to-date symlink: /home/desu/fudanbot_ws/install/rplidar_ros/share/rplidar_ros/launch/view_rplidar_t1_launch.py
[0.832s] -- Up-to-date symlink: /home/desu/fudanbot_ws/install/rplidar_ros/share/rplidar_ros/rviz/rplidar_ros.rviz
[0.832s] -- Up-to-date symlink: /home/desu/fudanbot_ws/install/rplidar_ros/lib/rplidar_ros/rplidar_node
[0.832s] -- Up-to-date symlink: /home/desu/fudanbot_ws/install/rplidar_ros/lib/rplidar_ros/rplidar_composition
[0.832s] -- Up-to-date symlink: /home/desu/fudanbot_ws/install/rplidar_ros/lib/rplidar_ros/rplidar_client
[0.833s] -- Up-to-date symlink: /home/desu/fudanbot_ws/install/rplidar_ros/share/ament_index/resource_index/package_run_dependencies/rplidar_ros
[0.833s] -- Up-to-date symlink: /home/desu/fudanbot_ws/install/rplidar_ros/share/ament_index/resource_index/parent_prefix_path/rplidar_ros
[0.833s] -- Up-to-date symlink: /home/desu/fudanbot_ws/install/rplidar_ros/share/rplidar_ros/environment/ament_prefix_path.sh
[0.833s] -- Up-to-date symlink: /home/desu/fudanbot_ws/install/rplidar_ros/share/rplidar_ros/environment/ament_prefix_path.dsv
[0.833s] -- Up-to-date symlink: /home/desu/fudanbot_ws/install/rplidar_ros/share/rplidar_ros/environment/path.sh
[0.833s] -- Up-to-date symlink: /home/desu/fudanbot_ws/install/rplidar_ros/share/rplidar_ros/environment/path.dsv
[0.833s] -- Up-to-date symlink: /home/desu/fudanbot_ws/install/rplidar_ros/share/rplidar_ros/local_setup.bash
[0.833s] -- Up-to-date symlink: /home/desu/fudanbot_ws/install/rplidar_ros/share/rplidar_ros/local_setup.sh
[0.833s] -- Up-to-date symlink: /home/desu/fudanbot_ws/install/rplidar_ros/share/rplidar_ros/local_setup.zsh
[0.834s] -- Up-to-date symlink: /home/desu/fudanbot_ws/install/rplidar_ros/share/rplidar_ros/local_setup.dsv
[0.834s] -- Symlinking: /home/desu/fudanbot_ws/install/rplidar_ros/share/rplidar_ros/package.dsv
[0.846s] -- Up-to-date symlink: /home/desu/fudanbot_ws/install/rplidar_ros/share/ament_index/resource_index/packages/rplidar_ros
[0.846s] -- Up-to-date symlink: /home/desu/fudanbot_ws/install/rplidar_ros/share/rplidar_ros/cmake/ament_cmake_export_dependencies-extras.cmake
[0.846s] -- Up-to-date symlink: /home/desu/fudanbot_ws/install/rplidar_ros/share/rplidar_ros/cmake/ament_cmake_export_include_directories-extras.cmake
[0.846s] -- Up-to-date symlink: /home/desu/fudanbot_ws/install/rplidar_ros/share/rplidar_ros/cmake/rplidar_rosConfig.cmake
[0.846s] -- Up-to-date symlink: /home/desu/fudanbot_ws/install/rplidar_ros/share/rplidar_ros/cmake/rplidar_rosConfig-version.cmake
[0.846s] -- Up-to-date symlink: /home/desu/fudanbot_ws/install/rplidar_ros/share/rplidar_ros/package.xml
[0.849s] Invoked command in '/home/desu/fudanbot_ws/build/rplidar_ros' returned '0': CMAKE_PREFIX_PATH=${CMAKE_PREFIX_PATH}:/home/desu/fudanbot_ws/install/modbus_driver:/opt/ros/humble /usr/bin/cmake --install /home/desu/fudanbot_ws/build/rplidar_ros
